  [1m[35mSQL (0.5ms)[0m  [1m[35mSET search_path TO public /*application='Aicartool'*/[0m
  [1m[35m (124.3ms)[0m  [1m[35mCREATE DATABASE "storage/development"."pg" ENCODING = 'utf8' /*application='Aicartool'*/[0m
  [1m[35mSQL (0.1ms)[0m  [1m[35mSET search_path TO public /*application='Aicartool'*/[0m
  [1m[35m (174.5ms)[0m  [1m[35mCREATE DATABASE "aicartool_development" ENCODING = 'utf8' /*application='Aicartool'*/[0m
  [1m[35mSQL (0.1ms)[0m  [1m[35mSET search_path TO public /*application='Aicartool'*/[0m
  [1m[35m (69.3ms)[0m  [1m[35mCREATE DATABASE "aicartool_test" ENCODING = 'utf8' /*application='Aicartool'*/[0m
Started GET "/predict" for ::1 at 2025-11-13 18:08:02 +0530
  [1m[35m (6.5ms)[0m  [1m[35mCREATE TABLE "schema_migrations" ("version" character varying NOT NULL PRIMARY KEY) /*application='Aicartool'*/[0m
  [1m[35m (2.9ms)[0m  [1m[35mCREATE TABLE "ar_internal_metadata" ("key" character varying NOT NULL PRIMARY KEY, "value" character varying, "created_at" timestamp(6) NOT NULL, "updated_at" timestamp(6) NOT NULL) /*application='Aicartool'*/[0m
  [1m[36mActiveRecord::SchemaMigration Load (0.7ms)[0m  [1m[34mSELECT "schema_migrations"."version" FROM "schema_migrations" ORDER BY "schema_migrations"."version" ASC /*application='Aicartool'*/[0m
  
ActionController::RoutingError (No route matches [GET] "/predict"):
  
Started GET "/favicon.ico" for ::1 at 2025-11-13 18:08:02 +0530
  
ActionController::RoutingError (No route matches [GET] "/favicon.ico"):
  
Started GET "/predict" for ::1 at 2025-11-13 18:08:03 +0530
  
ActionController::RoutingError (No route matches [GET] "/predict"):
  
Started GET "/predict" for ::1 at 2025-11-13 18:08:03 +0530
  
ActionController::RoutingError (No route matches [GET] "/predict"):
  
Started GET "/predict" for ::1 at 2025-11-13 18:08:03 +0530
  
ActionController::RoutingError (No route matches [GET] "/predict"):
  
Started GET "/predict" for ::1 at 2025-11-13 18:08:03 +0530
  
ActionController::RoutingError (No route matches [GET] "/predict"):
  
Started GET "/" for ::1 at 2025-11-13 18:08:12 +0530
Processing by Rails::WelcomeController#index as HTML
  Rendering /Users/shdc02/.rvm/gems/ruby-3.2.2/gems/railties-8.0.4/lib/rails/templates/rails/welcome/index.html.erb
  Rendered /Users/shdc02/.rvm/gems/ruby-3.2.2/gems/railties-8.0.4/lib/rails/templates/rails/welcome/index.html.erb (Duration: 0.3ms | GC: 0.0ms)
Completed 200 OK in 21ms (Views: 0.7ms | ActiveRecord: 0.0ms (0 queries, 0 cached) | GC: 0.1ms)


Started POST "/predict" for ::1 at 2025-11-13 18:08:46 +0530
Processing by PredictionsController#predict as */*
  Parameters: {"year"=>2018, "engine_size"=>4.4, "fuel_type"=>"Electric", "transmission"=>"Manual", "mileage"=>143190, "condition"=>"Used", "prediction"=>{"year"=>2018, "engine_size"=>4.4, "fuel_type"=>"Electric", "transmission"=>"Manual", "mileage"=>143190, "condition"=>"Used"}}
Can't verify CSRF token authenticity.
Completed 422 Unprocessable Content in 0ms (ActiveRecord: 0.0ms (0 queries, 0 cached) | GC: 0.0ms)


  
ActionController::InvalidAuthenticityToken (Can't verify CSRF token authenticity.):
  
actionpack (8.0.4) lib/action_controller/metal/request_forgery_protection.rb:314:in `handle_unverified_request'
actionpack (8.0.4) lib/action_controller/metal/request_forgery_protection.rb:408:in `handle_unverified_request'
actionpack (8.0.4) lib/action_controller/metal/request_forgery_protection.rb:397:in `verify_authenticity_token'
activesupport (8.0.4) lib/active_support/callbacks.rb:361:in `block in make_lambda'
activesupport (8.0.4) lib/active_support/callbacks.rb:178:in `block in call'
actionpack (8.0.4) lib/abstract_controller/callbacks.rb:34:in `block (2 levels) in <module:Callbacks>'
activesupport (8.0.4) lib/active_support/callbacks.rb:179:in `call'
activesupport (8.0.4) lib/active_support/callbacks.rb:559:in `block in invoke_before'
activesupport (8.0.4) lib/active_support/callbacks.rb:559:in `each'
activesupport (8.0.4) lib/active_support/callbacks.rb:559:in `invoke_before'
activesupport (8.0.4) lib/active_support/callbacks.rb:118:in `block in run_callbacks'
activesupport (8.0.4) lib/active_support/callbacks.rb:140:in `run_callbacks'
actionpack (8.0.4) lib/abstract_controller/callbacks.rb:260:in `process_action'
actionpack (8.0.4) lib/action_controller/metal/rescue.rb:27:in `process_action'
actionpack (8.0.4) lib/action_controller/metal/instrumentation.rb:76:in `block in process_action'
activesupport (8.0.4) lib/active_support/notifications.rb:210:in `block in instrument'
activesupport (8.0.4) lib/active_support/notifications/instrumenter.rb:58:in `instrument'
activesupport (8.0.4) lib/active_support/notifications.rb:210:in `instrument'
actionpack (8.0.4) lib/action_controller/metal/instrumentation.rb:75:in `process_action'
actionpack (8.0.4) lib/action_controller/metal/params_wrapper.rb:259:in `process_action'
activerecord (8.0.4) lib/active_record/railties/controller_runtime.rb:39:in `process_action'
actionpack (8.0.4) lib/abstract_controller/base.rb:152:in `process'
actionview (8.0.4) lib/action_view/rendering.rb:40:in `process'
actionpack (8.0.4) lib/action_controller/metal.rb:252:in `dispatch'
actionpack (8.0.4) lib/action_controller/metal.rb:335:in `dispatch'
actionpack (8.0.4) lib/action_dispatch/routing/route_set.rb:67:in `dispatch'
actionpack (8.0.4) lib/action_dispatch/routing/route_set.rb:50:in `serve'
actionpack (8.0.4) lib/action_dispatch/journey/router.rb:53:in `block in serve'
actionpack (8.0.4) lib/action_dispatch/journey/router.rb:133:in `block in find_routes'
actionpack (8.0.4) lib/action_dispatch/journey/router.rb:126:in `each'
actionpack (8.0.4) lib/action_dispatch/journey/router.rb:126:in `find_routes'
actionpack (8.0.4) lib/action_dispatch/journey/router.rb:34:in `serve'
actionpack (8.0.4) lib/action_dispatch/routing/route_set.rb:908:in `call'
railties (8.0.4) lib/rails/engine/lazy_route_set.rb:60:in `call'
rack (3.2.4) lib/rack/tempfile_reaper.rb:20:in `call'
rack (3.2.4) lib/rack/etag.rb:29:in `call'
rack (3.2.4) lib/rack/conditional_get.rb:44:in `call'
rack (3.2.4) lib/rack/head.rb:15:in `call'
actionpack (8.0.4) lib/action_dispatch/http/permissions_policy.rb:38:in `call'
actionpack (8.0.4) lib/action_dispatch/http/content_security_policy.rb:38:in `call'
rack-session (2.1.1) lib/rack/session/abstract/id.rb:274:in `context'
rack-session (2.1.1) lib/rack/session/abstract/id.rb:268:in `call'
actionpack (8.0.4) lib/action_dispatch/middleware/cookies.rb:706:in `call'
activerecord (8.0.4) lib/active_record/migration.rb:670:in `call'
actionpack (8.0.4) lib/action_dispatch/middleware/callbacks.rb:31:in `block in call'
activesupport (8.0.4) lib/active_support/callbacks.rb:100:in `run_callbacks'
actionpack (8.0.4) lib/action_dispatch/middleware/callbacks.rb:30:in `call'
actionpack (8.0.4) lib/action_dispatch/middleware/executor.rb:16:in `call'
actionpack (8.0.4) lib/action_dispatch/middleware/actionable_exceptions.rb:18:in `call'
actionpack (8.0.4) lib/action_dispatch/middleware/debug_exceptions.rb:31:in `call'
web-console (4.2.1) lib/web_console/middleware.rb:132:in `call_app'
web-console (4.2.1) lib/web_console/middleware.rb:28:in `block in call'
web-console (4.2.1) lib/web_console/middleware.rb:17:in `catch'
web-console (4.2.1) lib/web_console/middleware.rb:17:in `call'
actionpack (8.0.4) lib/action_dispatch/middleware/show_exceptions.rb:32:in `call'
railties (8.0.4) lib/rails/rack/logger.rb:41:in `call_app'
railties (8.0.4) lib/rails/rack/logger.rb:29:in `call'
actionpack (8.0.4) lib/action_dispatch/middleware/remote_ip.rb:96:in `call'
actionpack (8.0.4) lib/action_dispatch/middleware/request_id.rb:34:in `call'
rack (3.2.4) lib/rack/method_override.rb:28:in `call'
rack (3.2.4) lib/rack/runtime.rb:24:in `call'
actionpack (8.0.4) lib/action_dispatch/middleware/server_timing.rb:61:in `block in call'
actionpack (8.0.4) lib/action_dispatch/middleware/server_timing.rb:26:in `collect_events'
actionpack (8.0.4) lib/action_dispatch/middleware/server_timing.rb:60:in `call'
actionpack (8.0.4) lib/action_dispatch/middleware/executor.rb:16:in `call'
propshaft (1.3.1) lib/propshaft/server.rb:37:in `call'
actionpack (8.0.4) lib/action_dispatch/middleware/static.rb:27:in `call'
rack (3.2.4) lib/rack/sendfile.rb:131:in `call'
actionpack (8.0.4) lib/action_dispatch/middleware/host_authorization.rb:143:in `call'
railties (8.0.4) lib/rails/engine.rb:535:in `call'
puma (7.1.0) lib/puma/configuration.rb:300:in `call'
puma (7.1.0) lib/puma/request.rb:101:in `block in handle_request'
puma (7.1.0) lib/puma/thread_pool.rb:355:in `with_force_shutdown'
puma (7.1.0) lib/puma/request.rb:100:in `handle_request'
puma (7.1.0) lib/puma/server.rb:503:in `process_client'
puma (7.1.0) lib/puma/server.rb:262:in `block in run'
puma (7.1.0) lib/puma/thread_pool.rb:182:in `block in spawn_thread'
Started POST "/predict" for ::1 at 2025-11-13 18:09:14 +0530
Processing by PredictionsController#predict as */*
  Parameters: {"year"=>2018, "engine_size"=>4.4, "fuel_type"=>"Electric", "transmission"=>"Manual", "mileage"=>143190, "condition"=>"Used", "prediction"=>{"year"=>2018, "engine_size"=>4.4, "fuel_type"=>"Electric", "transmission"=>"Manual", "mileage"=>143190, "condition"=>"Used"}}
Can't verify CSRF token authenticity.
Completed 422 Unprocessable Content in 0ms (ActiveRecord: 0.0ms (0 queries, 0 cached) | GC: 0.0ms)


  
ActionController::InvalidAuthenticityToken (Can't verify CSRF token authenticity.):
  
actionpack (8.0.4) lib/action_controller/metal/request_forgery_protection.rb:314:in `handle_unverified_request'
actionpack (8.0.4) lib/action_controller/metal/request_forgery_protection.rb:408:in `handle_unverified_request'
actionpack (8.0.4) lib/action_controller/metal/request_forgery_protection.rb:397:in `verify_authenticity_token'
activesupport (8.0.4) lib/active_support/callbacks.rb:361:in `block in make_lambda'
activesupport (8.0.4) lib/active_support/callbacks.rb:178:in `block in call'
actionpack (8.0.4) lib/abstract_controller/callbacks.rb:34:in `block (2 levels) in <module:Callbacks>'
activesupport (8.0.4) lib/active_support/callbacks.rb:179:in `call'
activesupport (8.0.4) lib/active_support/callbacks.rb:559:in `block in invoke_before'
activesupport (8.0.4) lib/active_support/callbacks.rb:559:in `each'
activesupport (8.0.4) lib/active_support/callbacks.rb:559:in `invoke_before'
activesupport (8.0.4) lib/active_support/callbacks.rb:118:in `block in run_callbacks'
activesupport (8.0.4) lib/active_support/callbacks.rb:140:in `run_callbacks'
actionpack (8.0.4) lib/abstract_controller/callbacks.rb:260:in `process_action'
actionpack (8.0.4) lib/action_controller/metal/rescue.rb:27:in `process_action'
actionpack (8.0.4) lib/action_controller/metal/instrumentation.rb:76:in `block in process_action'
activesupport (8.0.4) lib/active_support/notifications.rb:210:in `block in instrument'
activesupport (8.0.4) lib/active_support/notifications/instrumenter.rb:58:in `instrument'
activesupport (8.0.4) lib/active_support/notifications.rb:210:in `instrument'
actionpack (8.0.4) lib/action_controller/metal/instrumentation.rb:75:in `process_action'
actionpack (8.0.4) lib/action_controller/metal/params_wrapper.rb:259:in `process_action'
activerecord (8.0.4) lib/active_record/railties/controller_runtime.rb:39:in `process_action'
actionpack (8.0.4) lib/abstract_controller/base.rb:152:in `process'
actionview (8.0.4) lib/action_view/rendering.rb:40:in `process'
actionpack (8.0.4) lib/action_controller/metal.rb:252:in `dispatch'
actionpack (8.0.4) lib/action_controller/metal.rb:335:in `dispatch'
actionpack (8.0.4) lib/action_dispatch/routing/route_set.rb:67:in `dispatch'
actionpack (8.0.4) lib/action_dispatch/routing/route_set.rb:50:in `serve'
actionpack (8.0.4) lib/action_dispatch/journey/router.rb:53:in `block in serve'
actionpack (8.0.4) lib/action_dispatch/journey/router.rb:133:in `block in find_routes'
actionpack (8.0.4) lib/action_dispatch/journey/router.rb:126:in `each'
actionpack (8.0.4) lib/action_dispatch/journey/router.rb:126:in `find_routes'
actionpack (8.0.4) lib/action_dispatch/journey/router.rb:34:in `serve'
actionpack (8.0.4) lib/action_dispatch/routing/route_set.rb:908:in `call'
railties (8.0.4) lib/rails/engine/lazy_route_set.rb:60:in `call'
rack (3.2.4) lib/rack/tempfile_reaper.rb:20:in `call'
rack (3.2.4) lib/rack/etag.rb:29:in `call'
rack (3.2.4) lib/rack/conditional_get.rb:44:in `call'
rack (3.2.4) lib/rack/head.rb:15:in `call'
actionpack (8.0.4) lib/action_dispatch/http/permissions_policy.rb:38:in `call'
actionpack (8.0.4) lib/action_dispatch/http/content_security_policy.rb:38:in `call'
rack-session (2.1.1) lib/rack/session/abstract/id.rb:274:in `context'
rack-session (2.1.1) lib/rack/session/abstract/id.rb:268:in `call'
actionpack (8.0.4) lib/action_dispatch/middleware/cookies.rb:706:in `call'
activerecord (8.0.4) lib/active_record/migration.rb:670:in `call'
actionpack (8.0.4) lib/action_dispatch/middleware/callbacks.rb:31:in `block in call'
activesupport (8.0.4) lib/active_support/callbacks.rb:100:in `run_callbacks'
actionpack (8.0.4) lib/action_dispatch/middleware/callbacks.rb:30:in `call'
actionpack (8.0.4) lib/action_dispatch/middleware/executor.rb:16:in `call'
actionpack (8.0.4) lib/action_dispatch/middleware/actionable_exceptions.rb:18:in `call'
actionpack (8.0.4) lib/action_dispatch/middleware/debug_exceptions.rb:31:in `call'
web-console (4.2.1) lib/web_console/middleware.rb:132:in `call_app'
web-console (4.2.1) lib/web_console/middleware.rb:28:in `block in call'
web-console (4.2.1) lib/web_console/middleware.rb:17:in `catch'
web-console (4.2.1) lib/web_console/middleware.rb:17:in `call'
actionpack (8.0.4) lib/action_dispatch/middleware/show_exceptions.rb:32:in `call'
railties (8.0.4) lib/rails/rack/logger.rb:41:in `call_app'
railties (8.0.4) lib/rails/rack/logger.rb:29:in `call'
actionpack (8.0.4) lib/action_dispatch/middleware/remote_ip.rb:96:in `call'
actionpack (8.0.4) lib/action_dispatch/middleware/request_id.rb:34:in `call'
rack (3.2.4) lib/rack/method_override.rb:28:in `call'
rack (3.2.4) lib/rack/runtime.rb:24:in `call'
actionpack (8.0.4) lib/action_dispatch/middleware/server_timing.rb:61:in `block in call'
actionpack (8.0.4) lib/action_dispatch/middleware/server_timing.rb:26:in `collect_events'
actionpack (8.0.4) lib/action_dispatch/middleware/server_timing.rb:60:in `call'
actionpack (8.0.4) lib/action_dispatch/middleware/executor.rb:16:in `call'
propshaft (1.3.1) lib/propshaft/server.rb:37:in `call'
actionpack (8.0.4) lib/action_dispatch/middleware/static.rb:27:in `call'
rack (3.2.4) lib/rack/sendfile.rb:131:in `call'
actionpack (8.0.4) lib/action_dispatch/middleware/host_authorization.rb:143:in `call'
railties (8.0.4) lib/rails/engine.rb:535:in `call'
puma (7.1.0) lib/puma/configuration.rb:300:in `call'
puma (7.1.0) lib/puma/request.rb:101:in `block in handle_request'
puma (7.1.0) lib/puma/thread_pool.rb:355:in `with_force_shutdown'
puma (7.1.0) lib/puma/request.rb:100:in `handle_request'
puma (7.1.0) lib/puma/server.rb:503:in `process_client'
puma (7.1.0) lib/puma/server.rb:262:in `block in run'
puma (7.1.0) lib/puma/thread_pool.rb:182:in `block in spawn_thread'
Started GET "/" for ::1 at 2025-11-13 18:09:46 +0530
Processing by Rails::WelcomeController#index as HTML
  Rendering /Users/shdc02/.rvm/gems/ruby-3.2.2/gems/railties-8.0.4/lib/rails/templates/rails/welcome/index.html.erb
  Rendered /Users/shdc02/.rvm/gems/ruby-3.2.2/gems/railties-8.0.4/lib/rails/templates/rails/welcome/index.html.erb (Duration: 0.0ms | GC: 0.0ms)
Completed 200 OK in 17ms (Views: 0.2ms | ActiveRecord: 0.0ms (0 queries, 0 cached) | GC: 0.0ms)


Started GET "/" for ::1 at 2025-11-13 18:11:06 +0530
Processing by Rails::WelcomeController#index as HTML
  Rendering /Users/shdc02/.rvm/gems/ruby-3.2.2/gems/railties-8.0.4/lib/rails/templates/rails/welcome/index.html.erb
  Rendered /Users/shdc02/.rvm/gems/ruby-3.2.2/gems/railties-8.0.4/lib/rails/templates/rails/welcome/index.html.erb (Duration: 0.1ms | GC: 0.0ms)
Completed 200 OK in 15ms (Views: 0.2ms | ActiveRecord: 0.0ms (0 queries, 0 cached) | GC: 0.0ms)


Started GET "/" for ::1 at 2025-11-13 18:11:06 +0530
Processing by Rails::WelcomeController#index as HTML
  Rendering /Users/shdc02/.rvm/gems/ruby-3.2.2/gems/railties-8.0.4/lib/rails/templates/rails/welcome/index.html.erb
  Rendered /Users/shdc02/.rvm/gems/ruby-3.2.2/gems/railties-8.0.4/lib/rails/templates/rails/welcome/index.html.erb (Duration: 0.0ms | GC: 0.0ms)
Completed 200 OK in 15ms (Views: 0.2ms | ActiveRecord: 0.0ms (0 queries, 0 cached) | GC: 0.0ms)


Started GET "/" for ::1 at 2025-11-13 18:11:06 +0530
Processing by Rails::WelcomeController#index as HTML
  Rendering /Users/shdc02/.rvm/gems/ruby-3.2.2/gems/railties-8.0.4/lib/rails/templates/rails/welcome/index.html.erb
  Rendered /Users/shdc02/.rvm/gems/ruby-3.2.2/gems/railties-8.0.4/lib/rails/templates/rails/welcome/index.html.erb (Duration: 0.1ms | GC: 0.0ms)
Completed 200 OK in 18ms (Views: 0.2ms | ActiveRecord: 0.0ms (0 queries, 0 cached) | GC: 0.0ms)


Started GET "/predict" for ::1 at 2025-11-13 18:11:07 +0530
  
ActionController::RoutingError (No route matches [GET] "/predict"):
  
Started GET "/" for ::1 at 2025-11-13 18:11:08 +0530
Processing by Rails::WelcomeController#index as HTML
  Rendering /Users/shdc02/.rvm/gems/ruby-3.2.2/gems/railties-8.0.4/lib/rails/templates/rails/welcome/index.html.erb
  Rendered /Users/shdc02/.rvm/gems/ruby-3.2.2/gems/railties-8.0.4/lib/rails/templates/rails/welcome/index.html.erb (Duration: 0.0ms | GC: 0.0ms)
Completed 200 OK in 17ms (Views: 0.2ms | ActiveRecord: 0.0ms (0 queries, 0 cached) | GC: 0.0ms)


Started GET "/" for ::1 at 2025-11-13 18:11:39 +0530
  [1m[36mActiveRecord::SchemaMigration Load (0.9ms)[0m  [1m[34mSELECT "schema_migrations"."version" FROM "schema_migrations" ORDER BY "schema_migrations"."version" ASC /*application='Aicartool'*/[0m
Processing by Rails::WelcomeController#index as HTML
  Rendering /Users/shdc02/.rvm/gems/ruby-3.2.2/gems/railties-8.0.4/lib/rails/templates/rails/welcome/index.html.erb
  Rendered /Users/shdc02/.rvm/gems/ruby-3.2.2/gems/railties-8.0.4/lib/rails/templates/rails/welcome/index.html.erb (Duration: 0.3ms | GC: 0.0ms)
Completed 200 OK in 19ms (Views: 2.4ms | ActiveRecord: 0.0ms (0 queries, 0 cached) | GC: 3.4ms)


Started GET "/predict" for ::1 at 2025-11-13 18:11:40 +0530
  
ActionController::RoutingError (No route matches [GET] "/predict"):
  
Started GET "/predict" for ::1 at 2025-11-13 18:11:41 +0530
  
ActionController::RoutingError (No route matches [GET] "/predict"):
  
Started GET "/predict" for ::1 at 2025-11-13 18:11:41 +0530
  
ActionController::RoutingError (No route matches [GET] "/predict"):
  
Started GET "/predict" for ::1 at 2025-11-13 18:11:41 +0530
  
ActionController::RoutingError (No route matches [GET] "/predict"):
  
Started GET "/predict" for ::1 at 2025-11-13 18:11:41 +0530
  
ActionController::RoutingError (No route matches [GET] "/predict"):
  
Started GET "/" for ::1 at 2025-11-13 18:11:42 +0530
Processing by Rails::WelcomeController#index as HTML
  Rendering /Users/shdc02/.rvm/gems/ruby-3.2.2/gems/railties-8.0.4/lib/rails/templates/rails/welcome/index.html.erb
  Rendered /Users/shdc02/.rvm/gems/ruby-3.2.2/gems/railties-8.0.4/lib/rails/templates/rails/welcome/index.html.erb (Duration: 0.1ms | GC: 0.0ms)
Completed 200 OK in 17ms (Views: 0.2ms | ActiveRecord: 0.0ms (0 queries, 0 cached) | GC: 0.0ms)


Started GET "/" for ::1 at 2025-11-13 18:12:42 +0530
  
AbstractController::ActionNotFound (The action 'new' could not be found for PredictionsController):
  
actionpack (8.0.4) lib/abstract_controller/base.rb:147:in `process'
actionview (8.0.4) lib/action_view/rendering.rb:40:in `process'
actionpack (8.0.4) lib/action_controller/metal.rb:252:in `dispatch'
actionpack (8.0.4) lib/action_controller/metal.rb:335:in `dispatch'
actionpack (8.0.4) lib/action_dispatch/routing/route_set.rb:67:in `dispatch'
actionpack (8.0.4) lib/action_dispatch/routing/route_set.rb:50:in `serve'
actionpack (8.0.4) lib/action_dispatch/journey/router.rb:53:in `block in serve'
actionpack (8.0.4) lib/action_dispatch/journey/router.rb:133:in `block in find_routes'
actionpack (8.0.4) lib/action_dispatch/journey/router.rb:126:in `each'
actionpack (8.0.4) lib/action_dispatch/journey/router.rb:126:in `find_routes'
actionpack (8.0.4) lib/action_dispatch/journey/router.rb:34:in `serve'
actionpack (8.0.4) lib/action_dispatch/routing/route_set.rb:908:in `call'
railties (8.0.4) lib/rails/engine/lazy_route_set.rb:60:in `call'
rack (3.2.4) lib/rack/tempfile_reaper.rb:20:in `call'
rack (3.2.4) lib/rack/etag.rb:29:in `call'
rack (3.2.4) lib/rack/conditional_get.rb:31:in `call'
rack (3.2.4) lib/rack/head.rb:15:in `call'
actionpack (8.0.4) lib/action_dispatch/http/permissions_policy.rb:38:in `call'
actionpack (8.0.4) lib/action_dispatch/http/content_security_policy.rb:38:in `call'
rack-session (2.1.1) lib/rack/session/abstract/id.rb:274:in `context'
rack-session (2.1.1) lib/rack/session/abstract/id.rb:268:in `call'
actionpack (8.0.4) lib/action_dispatch/middleware/cookies.rb:706:in `call'
activerecord (8.0.4) lib/active_record/migration.rb:670:in `call'
actionpack (8.0.4) lib/action_dispatch/middleware/callbacks.rb:31:in `block in call'
activesupport (8.0.4) lib/active_support/callbacks.rb:100:in `run_callbacks'
actionpack (8.0.4) lib/action_dispatch/middleware/callbacks.rb:30:in `call'
actionpack (8.0.4) lib/action_dispatch/middleware/executor.rb:16:in `call'
actionpack (8.0.4) lib/action_dispatch/middleware/actionable_exceptions.rb:18:in `call'
actionpack (8.0.4) lib/action_dispatch/middleware/debug_exceptions.rb:31:in `call'
web-console (4.2.1) lib/web_console/middleware.rb:132:in `call_app'
web-console (4.2.1) lib/web_console/middleware.rb:28:in `block in call'
web-console (4.2.1) lib/web_console/middleware.rb:17:in `catch'
web-console (4.2.1) lib/web_console/middleware.rb:17:in `call'
actionpack (8.0.4) lib/action_dispatch/middleware/show_exceptions.rb:32:in `call'
railties (8.0.4) lib/rails/rack/logger.rb:41:in `call_app'
railties (8.0.4) lib/rails/rack/logger.rb:29:in `call'
actionpack (8.0.4) lib/action_dispatch/middleware/remote_ip.rb:96:in `call'
actionpack (8.0.4) lib/action_dispatch/middleware/request_id.rb:34:in `call'
rack (3.2.4) lib/rack/method_override.rb:28:in `call'
rack (3.2.4) lib/rack/runtime.rb:24:in `call'
actionpack (8.0.4) lib/action_dispatch/middleware/server_timing.rb:61:in `block in call'
actionpack (8.0.4) lib/action_dispatch/middleware/server_timing.rb:26:in `collect_events'
actionpack (8.0.4) lib/action_dispatch/middleware/server_timing.rb:60:in `call'
actionpack (8.0.4) lib/action_dispatch/middleware/executor.rb:16:in `call'
propshaft (1.3.1) lib/propshaft/server.rb:37:in `call'
actionpack (8.0.4) lib/action_dispatch/middleware/static.rb:27:in `call'
rack (3.2.4) lib/rack/sendfile.rb:131:in `call'
actionpack (8.0.4) lib/action_dispatch/middleware/host_authorization.rb:143:in `call'
railties (8.0.4) lib/rails/engine.rb:535:in `call'
puma (7.1.0) lib/puma/configuration.rb:300:in `call'
puma (7.1.0) lib/puma/request.rb:101:in `block in handle_request'
puma (7.1.0) lib/puma/thread_pool.rb:355:in `with_force_shutdown'
puma (7.1.0) lib/puma/request.rb:100:in `handle_request'
puma (7.1.0) lib/puma/server.rb:503:in `process_client'
puma (7.1.0) lib/puma/server.rb:262:in `block in run'
puma (7.1.0) lib/puma/thread_pool.rb:182:in `block in spawn_thread'
Started GET "/predict" for ::1 at 2025-11-13 18:12:43 +0530
  
ActionController::RoutingError (No route matches [GET] "/predict"):
  
Started GET "/" for ::1 at 2025-11-13 18:12:44 +0530
  
AbstractController::ActionNotFound (The action 'new' could not be found for PredictionsController):
  
actionpack (8.0.4) lib/abstract_controller/base.rb:147:in `process'
actionview (8.0.4) lib/action_view/rendering.rb:40:in `process'
actionpack (8.0.4) lib/action_controller/metal.rb:252:in `dispatch'
actionpack (8.0.4) lib/action_controller/metal.rb:335:in `dispatch'
actionpack (8.0.4) lib/action_dispatch/routing/route_set.rb:67:in `dispatch'
actionpack (8.0.4) lib/action_dispatch/routing/route_set.rb:50:in `serve'
actionpack (8.0.4) lib/action_dispatch/journey/router.rb:53:in `block in serve'
actionpack (8.0.4) lib/action_dispatch/journey/router.rb:133:in `block in find_routes'
actionpack (8.0.4) lib/action_dispatch/journey/router.rb:126:in `each'
actionpack (8.0.4) lib/action_dispatch/journey/router.rb:126:in `find_routes'
actionpack (8.0.4) lib/action_dispatch/journey/router.rb:34:in `serve'
actionpack (8.0.4) lib/action_dispatch/routing/route_set.rb:908:in `call'
railties (8.0.4) lib/rails/engine/lazy_route_set.rb:60:in `call'
rack (3.2.4) lib/rack/tempfile_reaper.rb:20:in `call'
rack (3.2.4) lib/rack/etag.rb:29:in `call'
rack (3.2.4) lib/rack/conditional_get.rb:31:in `call'
rack (3.2.4) lib/rack/head.rb:15:in `call'
actionpack (8.0.4) lib/action_dispatch/http/permissions_policy.rb:38:in `call'
actionpack (8.0.4) lib/action_dispatch/http/content_security_policy.rb:38:in `call'
rack-session (2.1.1) lib/rack/session/abstract/id.rb:274:in `context'
rack-session (2.1.1) lib/rack/session/abstract/id.rb:268:in `call'
actionpack (8.0.4) lib/action_dispatch/middleware/cookies.rb:706:in `call'
activerecord (8.0.4) lib/active_record/migration.rb:670:in `call'
actionpack (8.0.4) lib/action_dispatch/middleware/callbacks.rb:31:in `block in call'
activesupport (8.0.4) lib/active_support/callbacks.rb:100:in `run_callbacks'
actionpack (8.0.4) lib/action_dispatch/middleware/callbacks.rb:30:in `call'
actionpack (8.0.4) lib/action_dispatch/middleware/executor.rb:16:in `call'
actionpack (8.0.4) lib/action_dispatch/middleware/actionable_exceptions.rb:18:in `call'
actionpack (8.0.4) lib/action_dispatch/middleware/debug_exceptions.rb:31:in `call'
web-console (4.2.1) lib/web_console/middleware.rb:132:in `call_app'
web-console (4.2.1) lib/web_console/middleware.rb:28:in `block in call'
web-console (4.2.1) lib/web_console/middleware.rb:17:in `catch'
web-console (4.2.1) lib/web_console/middleware.rb:17:in `call'
actionpack (8.0.4) lib/action_dispatch/middleware/show_exceptions.rb:32:in `call'
railties (8.0.4) lib/rails/rack/logger.rb:41:in `call_app'
railties (8.0.4) lib/rails/rack/logger.rb:29:in `call'
actionpack (8.0.4) lib/action_dispatch/middleware/remote_ip.rb:96:in `call'
actionpack (8.0.4) lib/action_dispatch/middleware/request_id.rb:34:in `call'
rack (3.2.4) lib/rack/method_override.rb:28:in `call'
rack (3.2.4) lib/rack/runtime.rb:24:in `call'
actionpack (8.0.4) lib/action_dispatch/middleware/server_timing.rb:61:in `block in call'
actionpack (8.0.4) lib/action_dispatch/middleware/server_timing.rb:26:in `collect_events'
actionpack (8.0.4) lib/action_dispatch/middleware/server_timing.rb:60:in `call'
actionpack (8.0.4) lib/action_dispatch/middleware/executor.rb:16:in `call'
propshaft (1.3.1) lib/propshaft/server.rb:37:in `call'
actionpack (8.0.4) lib/action_dispatch/middleware/static.rb:27:in `call'
rack (3.2.4) lib/rack/sendfile.rb:131:in `call'
actionpack (8.0.4) lib/action_dispatch/middleware/host_authorization.rb:143:in `call'
railties (8.0.4) lib/rails/engine.rb:535:in `call'
puma (7.1.0) lib/puma/configuration.rb:300:in `call'
puma (7.1.0) lib/puma/request.rb:101:in `block in handle_request'
puma (7.1.0) lib/puma/thread_pool.rb:355:in `with_force_shutdown'
puma (7.1.0) lib/puma/request.rb:100:in `handle_request'
puma (7.1.0) lib/puma/server.rb:503:in `process_client'
puma (7.1.0) lib/puma/server.rb:262:in `block in run'
puma (7.1.0) lib/puma/thread_pool.rb:182:in `block in spawn_thread'
Started GET "/" for ::1 at 2025-11-13 18:12:44 +0530
  
AbstractController::ActionNotFound (The action 'new' could not be found for PredictionsController):
  
actionpack (8.0.4) lib/abstract_controller/base.rb:147:in `process'
actionview (8.0.4) lib/action_view/rendering.rb:40:in `process'
actionpack (8.0.4) lib/action_controller/metal.rb:252:in `dispatch'
actionpack (8.0.4) lib/action_controller/metal.rb:335:in `dispatch'
actionpack (8.0.4) lib/action_dispatch/routing/route_set.rb:67:in `dispatch'
actionpack (8.0.4) lib/action_dispatch/routing/route_set.rb:50:in `serve'
actionpack (8.0.4) lib/action_dispatch/journey/router.rb:53:in `block in serve'
actionpack (8.0.4) lib/action_dispatch/journey/router.rb:133:in `block in find_routes'
actionpack (8.0.4) lib/action_dispatch/journey/router.rb:126:in `each'
actionpack (8.0.4) lib/action_dispatch/journey/router.rb:126:in `find_routes'
actionpack (8.0.4) lib/action_dispatch/journey/router.rb:34:in `serve'
actionpack (8.0.4) lib/action_dispatch/routing/route_set.rb:908:in `call'
railties (8.0.4) lib/rails/engine/lazy_route_set.rb:60:in `call'
rack (3.2.4) lib/rack/tempfile_reaper.rb:20:in `call'
rack (3.2.4) lib/rack/etag.rb:29:in `call'
rack (3.2.4) lib/rack/conditional_get.rb:31:in `call'
rack (3.2.4) lib/rack/head.rb:15:in `call'
actionpack (8.0.4) lib/action_dispatch/http/permissions_policy.rb:38:in `call'
actionpack (8.0.4) lib/action_dispatch/http/content_security_policy.rb:38:in `call'
rack-session (2.1.1) lib/rack/session/abstract/id.rb:274:in `context'
rack-session (2.1.1) lib/rack/session/abstract/id.rb:268:in `call'
actionpack (8.0.4) lib/action_dispatch/middleware/cookies.rb:706:in `call'
activerecord (8.0.4) lib/active_record/migration.rb:670:in `call'
actionpack (8.0.4) lib/action_dispatch/middleware/callbacks.rb:31:in `block in call'
activesupport (8.0.4) lib/active_support/callbacks.rb:100:in `run_callbacks'
actionpack (8.0.4) lib/action_dispatch/middleware/callbacks.rb:30:in `call'
actionpack (8.0.4) lib/action_dispatch/middleware/executor.rb:16:in `call'
actionpack (8.0.4) lib/action_dispatch/middleware/actionable_exceptions.rb:18:in `call'
actionpack (8.0.4) lib/action_dispatch/middleware/debug_exceptions.rb:31:in `call'
web-console (4.2.1) lib/web_console/middleware.rb:132:in `call_app'
web-console (4.2.1) lib/web_console/middleware.rb:28:in `block in call'
web-console (4.2.1) lib/web_console/middleware.rb:17:in `catch'
web-console (4.2.1) lib/web_console/middleware.rb:17:in `call'
actionpack (8.0.4) lib/action_dispatch/middleware/show_exceptions.rb:32:in `call'
railties (8.0.4) lib/rails/rack/logger.rb:41:in `call_app'
railties (8.0.4) lib/rails/rack/logger.rb:29:in `call'
actionpack (8.0.4) lib/action_dispatch/middleware/remote_ip.rb:96:in `call'
actionpack (8.0.4) lib/action_dispatch/middleware/request_id.rb:34:in `call'
rack (3.2.4) lib/rack/method_override.rb:28:in `call'
rack (3.2.4) lib/rack/runtime.rb:24:in `call'
actionpack (8.0.4) lib/action_dispatch/middleware/server_timing.rb:61:in `block in call'
actionpack (8.0.4) lib/action_dispatch/middleware/server_timing.rb:26:in `collect_events'
actionpack (8.0.4) lib/action_dispatch/middleware/server_timing.rb:60:in `call'
actionpack (8.0.4) lib/action_dispatch/middleware/executor.rb:16:in `call'
propshaft (1.3.1) lib/propshaft/server.rb:37:in `call'
actionpack (8.0.4) lib/action_dispatch/middleware/static.rb:27:in `call'
rack (3.2.4) lib/rack/sendfile.rb:131:in `call'
actionpack (8.0.4) lib/action_dispatch/middleware/host_authorization.rb:143:in `call'
railties (8.0.4) lib/rails/engine.rb:535:in `call'
puma (7.1.0) lib/puma/configuration.rb:300:in `call'
puma (7.1.0) lib/puma/request.rb:101:in `block in handle_request'
puma (7.1.0) lib/puma/thread_pool.rb:355:in `with_force_shutdown'
puma (7.1.0) lib/puma/request.rb:100:in `handle_request'
puma (7.1.0) lib/puma/server.rb:503:in `process_client'
puma (7.1.0) lib/puma/server.rb:262:in `block in run'
puma (7.1.0) lib/puma/thread_pool.rb:182:in `block in spawn_thread'
Started GET "/" for ::1 at 2025-11-13 18:12:44 +0530
  
AbstractController::ActionNotFound (The action 'new' could not be found for PredictionsController):
  
actionpack (8.0.4) lib/abstract_controller/base.rb:147:in `process'
actionview (8.0.4) lib/action_view/rendering.rb:40:in `process'
actionpack (8.0.4) lib/action_controller/metal.rb:252:in `dispatch'
actionpack (8.0.4) lib/action_controller/metal.rb:335:in `dispatch'
actionpack (8.0.4) lib/action_dispatch/routing/route_set.rb:67:in `dispatch'
actionpack (8.0.4) lib/action_dispatch/routing/route_set.rb:50:in `serve'
actionpack (8.0.4) lib/action_dispatch/journey/router.rb:53:in `block in serve'
actionpack (8.0.4) lib/action_dispatch/journey/router.rb:133:in `block in find_routes'
actionpack (8.0.4) lib/action_dispatch/journey/router.rb:126:in `each'
actionpack (8.0.4) lib/action_dispatch/journey/router.rb:126:in `find_routes'
actionpack (8.0.4) lib/action_dispatch/journey/router.rb:34:in `serve'
actionpack (8.0.4) lib/action_dispatch/routing/route_set.rb:908:in `call'
railties (8.0.4) lib/rails/engine/lazy_route_set.rb:60:in `call'
rack (3.2.4) lib/rack/tempfile_reaper.rb:20:in `call'
rack (3.2.4) lib/rack/etag.rb:29:in `call'
rack (3.2.4) lib/rack/conditional_get.rb:31:in `call'
rack (3.2.4) lib/rack/head.rb:15:in `call'
actionpack (8.0.4) lib/action_dispatch/http/permissions_policy.rb:38:in `call'
actionpack (8.0.4) lib/action_dispatch/http/content_security_policy.rb:38:in `call'
rack-session (2.1.1) lib/rack/session/abstract/id.rb:274:in `context'
rack-session (2.1.1) lib/rack/session/abstract/id.rb:268:in `call'
actionpack (8.0.4) lib/action_dispatch/middleware/cookies.rb:706:in `call'
activerecord (8.0.4) lib/active_record/migration.rb:670:in `call'
actionpack (8.0.4) lib/action_dispatch/middleware/callbacks.rb:31:in `block in call'
activesupport (8.0.4) lib/active_support/callbacks.rb:100:in `run_callbacks'
actionpack (8.0.4) lib/action_dispatch/middleware/callbacks.rb:30:in `call'
actionpack (8.0.4) lib/action_dispatch/middleware/executor.rb:16:in `call'
actionpack (8.0.4) lib/action_dispatch/middleware/actionable_exceptions.rb:18:in `call'
actionpack (8.0.4) lib/action_dispatch/middleware/debug_exceptions.rb:31:in `call'
web-console (4.2.1) lib/web_console/middleware.rb:132:in `call_app'
web-console (4.2.1) lib/web_console/middleware.rb:28:in `block in call'
web-console (4.2.1) lib/web_console/middleware.rb:17:in `catch'
web-console (4.2.1) lib/web_console/middleware.rb:17:in `call'
actionpack (8.0.4) lib/action_dispatch/middleware/show_exceptions.rb:32:in `call'
railties (8.0.4) lib/rails/rack/logger.rb:41:in `call_app'
railties (8.0.4) lib/rails/rack/logger.rb:29:in `call'
actionpack (8.0.4) lib/action_dispatch/middleware/remote_ip.rb:96:in `call'
actionpack (8.0.4) lib/action_dispatch/middleware/request_id.rb:34:in `call'
rack (3.2.4) lib/rack/method_override.rb:28:in `call'
rack (3.2.4) lib/rack/runtime.rb:24:in `call'
actionpack (8.0.4) lib/action_dispatch/middleware/server_timing.rb:61:in `block in call'
actionpack (8.0.4) lib/action_dispatch/middleware/server_timing.rb:26:in `collect_events'
actionpack (8.0.4) lib/action_dispatch/middleware/server_timing.rb:60:in `call'
actionpack (8.0.4) lib/action_dispatch/middleware/executor.rb:16:in `call'
propshaft (1.3.1) lib/propshaft/server.rb:37:in `call'
actionpack (8.0.4) lib/action_dispatch/middleware/static.rb:27:in `call'
rack (3.2.4) lib/rack/sendfile.rb:131:in `call'
actionpack (8.0.4) lib/action_dispatch/middleware/host_authorization.rb:143:in `call'
railties (8.0.4) lib/rails/engine.rb:535:in `call'
puma (7.1.0) lib/puma/configuration.rb:300:in `call'
puma (7.1.0) lib/puma/request.rb:101:in `block in handle_request'
puma (7.1.0) lib/puma/thread_pool.rb:355:in `with_force_shutdown'
puma (7.1.0) lib/puma/request.rb:100:in `handle_request'
puma (7.1.0) lib/puma/server.rb:503:in `process_client'
puma (7.1.0) lib/puma/server.rb:262:in `block in run'
puma (7.1.0) lib/puma/thread_pool.rb:182:in `block in spawn_thread'
Started GET "/" for ::1 at 2025-11-13 18:12:45 +0530
  
AbstractController::ActionNotFound (The action 'new' could not be found for PredictionsController):
  
actionpack (8.0.4) lib/abstract_controller/base.rb:147:in `process'
actionview (8.0.4) lib/action_view/rendering.rb:40:in `process'
actionpack (8.0.4) lib/action_controller/metal.rb:252:in `dispatch'
actionpack (8.0.4) lib/action_controller/metal.rb:335:in `dispatch'
actionpack (8.0.4) lib/action_dispatch/routing/route_set.rb:67:in `dispatch'
actionpack (8.0.4) lib/action_dispatch/routing/route_set.rb:50:in `serve'
actionpack (8.0.4) lib/action_dispatch/journey/router.rb:53:in `block in serve'
actionpack (8.0.4) lib/action_dispatch/journey/router.rb:133:in `block in find_routes'
actionpack (8.0.4) lib/action_dispatch/journey/router.rb:126:in `each'
actionpack (8.0.4) lib/action_dispatch/journey/router.rb:126:in `find_routes'
actionpack (8.0.4) lib/action_dispatch/journey/router.rb:34:in `serve'
actionpack (8.0.4) lib/action_dispatch/routing/route_set.rb:908:in `call'
railties (8.0.4) lib/rails/engine/lazy_route_set.rb:60:in `call'
rack (3.2.4) lib/rack/tempfile_reaper.rb:20:in `call'
rack (3.2.4) lib/rack/etag.rb:29:in `call'
rack (3.2.4) lib/rack/conditional_get.rb:31:in `call'
rack (3.2.4) lib/rack/head.rb:15:in `call'
actionpack (8.0.4) lib/action_dispatch/http/permissions_policy.rb:38:in `call'
actionpack (8.0.4) lib/action_dispatch/http/content_security_policy.rb:38:in `call'
rack-session (2.1.1) lib/rack/session/abstract/id.rb:274:in `context'
rack-session (2.1.1) lib/rack/session/abstract/id.rb:268:in `call'
actionpack (8.0.4) lib/action_dispatch/middleware/cookies.rb:706:in `call'
activerecord (8.0.4) lib/active_record/migration.rb:670:in `call'
actionpack (8.0.4) lib/action_dispatch/middleware/callbacks.rb:31:in `block in call'
activesupport (8.0.4) lib/active_support/callbacks.rb:100:in `run_callbacks'
actionpack (8.0.4) lib/action_dispatch/middleware/callbacks.rb:30:in `call'
actionpack (8.0.4) lib/action_dispatch/middleware/executor.rb:16:in `call'
actionpack (8.0.4) lib/action_dispatch/middleware/actionable_exceptions.rb:18:in `call'
actionpack (8.0.4) lib/action_dispatch/middleware/debug_exceptions.rb:31:in `call'
web-console (4.2.1) lib/web_console/middleware.rb:132:in `call_app'
web-console (4.2.1) lib/web_console/middleware.rb:28:in `block in call'
web-console (4.2.1) lib/web_console/middleware.rb:17:in `catch'
web-console (4.2.1) lib/web_console/middleware.rb:17:in `call'
actionpack (8.0.4) lib/action_dispatch/middleware/show_exceptions.rb:32:in `call'
railties (8.0.4) lib/rails/rack/logger.rb:41:in `call_app'
railties (8.0.4) lib/rails/rack/logger.rb:29:in `call'
actionpack (8.0.4) lib/action_dispatch/middleware/remote_ip.rb:96:in `call'
actionpack (8.0.4) lib/action_dispatch/middleware/request_id.rb:34:in `call'
rack (3.2.4) lib/rack/method_override.rb:28:in `call'
rack (3.2.4) lib/rack/runtime.rb:24:in `call'
actionpack (8.0.4) lib/action_dispatch/middleware/server_timing.rb:61:in `block in call'
actionpack (8.0.4) lib/action_dispatch/middleware/server_timing.rb:26:in `collect_events'
actionpack (8.0.4) lib/action_dispatch/middleware/server_timing.rb:60:in `call'
actionpack (8.0.4) lib/action_dispatch/middleware/executor.rb:16:in `call'
propshaft (1.3.1) lib/propshaft/server.rb:37:in `call'
actionpack (8.0.4) lib/action_dispatch/middleware/static.rb:27:in `call'
rack (3.2.4) lib/rack/sendfile.rb:131:in `call'
actionpack (8.0.4) lib/action_dispatch/middleware/host_authorization.rb:143:in `call'
railties (8.0.4) lib/rails/engine.rb:535:in `call'
puma (7.1.0) lib/puma/configuration.rb:300:in `call'
puma (7.1.0) lib/puma/request.rb:101:in `block in handle_request'
puma (7.1.0) lib/puma/thread_pool.rb:355:in `with_force_shutdown'
puma (7.1.0) lib/puma/request.rb:100:in `handle_request'
puma (7.1.0) lib/puma/server.rb:503:in `process_client'
puma (7.1.0) lib/puma/server.rb:262:in `block in run'
puma (7.1.0) lib/puma/thread_pool.rb:182:in `block in spawn_thread'
Started GET "/" for ::1 at 2025-11-13 18:12:54 +0530
Processing by Rails::WelcomeController#index as HTML
  Rendering /Users/shdc02/.rvm/gems/ruby-3.2.2/gems/railties-8.0.4/lib/rails/templates/rails/welcome/index.html.erb
  Rendered /Users/shdc02/.rvm/gems/ruby-3.2.2/gems/railties-8.0.4/lib/rails/templates/rails/welcome/index.html.erb (Duration: 0.2ms | GC: 0.0ms)
Completed 200 OK in 13ms (Views: 0.5ms | ActiveRecord: 0.0ms (0 queries, 0 cached) | GC: 0.1ms)


Started GET "/" for ::1 at 2025-11-13 18:13:27 +0530
  
AbstractController::ActionNotFound (The action 'new' could not be found for PredictionsController):
  
actionpack (8.0.4) lib/abstract_controller/base.rb:147:in `process'
actionview (8.0.4) lib/action_view/rendering.rb:40:in `process'
actionpack (8.0.4) lib/action_controller/metal.rb:252:in `dispatch'
actionpack (8.0.4) lib/action_controller/metal.rb:335:in `dispatch'
actionpack (8.0.4) lib/action_dispatch/routing/route_set.rb:67:in `dispatch'
actionpack (8.0.4) lib/action_dispatch/routing/route_set.rb:50:in `serve'
actionpack (8.0.4) lib/action_dispatch/journey/router.rb:53:in `block in serve'
actionpack (8.0.4) lib/action_dispatch/journey/router.rb:133:in `block in find_routes'
actionpack (8.0.4) lib/action_dispatch/journey/router.rb:126:in `each'
actionpack (8.0.4) lib/action_dispatch/journey/router.rb:126:in `find_routes'
actionpack (8.0.4) lib/action_dispatch/journey/router.rb:34:in `serve'
actionpack (8.0.4) lib/action_dispatch/routing/route_set.rb:908:in `call'
railties (8.0.4) lib/rails/engine/lazy_route_set.rb:60:in `call'
rack (3.2.4) lib/rack/tempfile_reaper.rb:20:in `call'
rack (3.2.4) lib/rack/etag.rb:29:in `call'
rack (3.2.4) lib/rack/conditional_get.rb:31:in `call'
rack (3.2.4) lib/rack/head.rb:15:in `call'
actionpack (8.0.4) lib/action_dispatch/http/permissions_policy.rb:38:in `call'
actionpack (8.0.4) lib/action_dispatch/http/content_security_policy.rb:38:in `call'
rack-session (2.1.1) lib/rack/session/abstract/id.rb:274:in `context'
rack-session (2.1.1) lib/rack/session/abstract/id.rb:268:in `call'
actionpack (8.0.4) lib/action_dispatch/middleware/cookies.rb:706:in `call'
activerecord (8.0.4) lib/active_record/migration.rb:670:in `call'
actionpack (8.0.4) lib/action_dispatch/middleware/callbacks.rb:31:in `block in call'
activesupport (8.0.4) lib/active_support/callbacks.rb:100:in `run_callbacks'
actionpack (8.0.4) lib/action_dispatch/middleware/callbacks.rb:30:in `call'
actionpack (8.0.4) lib/action_dispatch/middleware/executor.rb:16:in `call'
actionpack (8.0.4) lib/action_dispatch/middleware/actionable_exceptions.rb:18:in `call'
actionpack (8.0.4) lib/action_dispatch/middleware/debug_exceptions.rb:31:in `call'
web-console (4.2.1) lib/web_console/middleware.rb:132:in `call_app'
web-console (4.2.1) lib/web_console/middleware.rb:28:in `block in call'
web-console (4.2.1) lib/web_console/middleware.rb:17:in `catch'
web-console (4.2.1) lib/web_console/middleware.rb:17:in `call'
actionpack (8.0.4) lib/action_dispatch/middleware/show_exceptions.rb:32:in `call'
railties (8.0.4) lib/rails/rack/logger.rb:41:in `call_app'
railties (8.0.4) lib/rails/rack/logger.rb:29:in `call'
actionpack (8.0.4) lib/action_dispatch/middleware/remote_ip.rb:96:in `call'
actionpack (8.0.4) lib/action_dispatch/middleware/request_id.rb:34:in `call'
rack (3.2.4) lib/rack/method_override.rb:28:in `call'
rack (3.2.4) lib/rack/runtime.rb:24:in `call'
actionpack (8.0.4) lib/action_dispatch/middleware/server_timing.rb:61:in `block in call'
actionpack (8.0.4) lib/action_dispatch/middleware/server_timing.rb:26:in `collect_events'
actionpack (8.0.4) lib/action_dispatch/middleware/server_timing.rb:60:in `call'
actionpack (8.0.4) lib/action_dispatch/middleware/executor.rb:16:in `call'
propshaft (1.3.1) lib/propshaft/server.rb:37:in `call'
actionpack (8.0.4) lib/action_dispatch/middleware/static.rb:27:in `call'
rack (3.2.4) lib/rack/sendfile.rb:131:in `call'
actionpack (8.0.4) lib/action_dispatch/middleware/host_authorization.rb:143:in `call'
railties (8.0.4) lib/rails/engine.rb:535:in `call'
puma (7.1.0) lib/puma/configuration.rb:300:in `call'
puma (7.1.0) lib/puma/request.rb:101:in `block in handle_request'
puma (7.1.0) lib/puma/thread_pool.rb:355:in `with_force_shutdown'
puma (7.1.0) lib/puma/request.rb:100:in `handle_request'
puma (7.1.0) lib/puma/server.rb:503:in `process_client'
puma (7.1.0) lib/puma/server.rb:262:in `block in run'
puma (7.1.0) lib/puma/thread_pool.rb:182:in `block in spawn_thread'
Started GET "/" for ::1 at 2025-11-13 18:13:27 +0530
  
AbstractController::ActionNotFound (The action 'new' could not be found for PredictionsController):
  
actionpack (8.0.4) lib/abstract_controller/base.rb:147:in `process'
actionview (8.0.4) lib/action_view/rendering.rb:40:in `process'
actionpack (8.0.4) lib/action_controller/metal.rb:252:in `dispatch'
actionpack (8.0.4) lib/action_controller/metal.rb:335:in `dispatch'
actionpack (8.0.4) lib/action_dispatch/routing/route_set.rb:67:in `dispatch'
actionpack (8.0.4) lib/action_dispatch/routing/route_set.rb:50:in `serve'
actionpack (8.0.4) lib/action_dispatch/journey/router.rb:53:in `block in serve'
actionpack (8.0.4) lib/action_dispatch/journey/router.rb:133:in `block in find_routes'
actionpack (8.0.4) lib/action_dispatch/journey/router.rb:126:in `each'
actionpack (8.0.4) lib/action_dispatch/journey/router.rb:126:in `find_routes'
actionpack (8.0.4) lib/action_dispatch/journey/router.rb:34:in `serve'
actionpack (8.0.4) lib/action_dispatch/routing/route_set.rb:908:in `call'
railties (8.0.4) lib/rails/engine/lazy_route_set.rb:60:in `call'
rack (3.2.4) lib/rack/tempfile_reaper.rb:20:in `call'
rack (3.2.4) lib/rack/etag.rb:29:in `call'
rack (3.2.4) lib/rack/conditional_get.rb:31:in `call'
rack (3.2.4) lib/rack/head.rb:15:in `call'
actionpack (8.0.4) lib/action_dispatch/http/permissions_policy.rb:38:in `call'
actionpack (8.0.4) lib/action_dispatch/http/content_security_policy.rb:38:in `call'
rack-session (2.1.1) lib/rack/session/abstract/id.rb:274:in `context'
rack-session (2.1.1) lib/rack/session/abstract/id.rb:268:in `call'
actionpack (8.0.4) lib/action_dispatch/middleware/cookies.rb:706:in `call'
activerecord (8.0.4) lib/active_record/migration.rb:670:in `call'
actionpack (8.0.4) lib/action_dispatch/middleware/callbacks.rb:31:in `block in call'
activesupport (8.0.4) lib/active_support/callbacks.rb:100:in `run_callbacks'
actionpack (8.0.4) lib/action_dispatch/middleware/callbacks.rb:30:in `call'
actionpack (8.0.4) lib/action_dispatch/middleware/executor.rb:16:in `call'
actionpack (8.0.4) lib/action_dispatch/middleware/actionable_exceptions.rb:18:in `call'
actionpack (8.0.4) lib/action_dispatch/middleware/debug_exceptions.rb:31:in `call'
web-console (4.2.1) lib/web_console/middleware.rb:132:in `call_app'
web-console (4.2.1) lib/web_console/middleware.rb:28:in `block in call'
web-console (4.2.1) lib/web_console/middleware.rb:17:in `catch'
web-console (4.2.1) lib/web_console/middleware.rb:17:in `call'
actionpack (8.0.4) lib/action_dispatch/middleware/show_exceptions.rb:32:in `call'
railties (8.0.4) lib/rails/rack/logger.rb:41:in `call_app'
railties (8.0.4) lib/rails/rack/logger.rb:29:in `call'
actionpack (8.0.4) lib/action_dispatch/middleware/remote_ip.rb:96:in `call'
actionpack (8.0.4) lib/action_dispatch/middleware/request_id.rb:34:in `call'
rack (3.2.4) lib/rack/method_override.rb:28:in `call'
rack (3.2.4) lib/rack/runtime.rb:24:in `call'
actionpack (8.0.4) lib/action_dispatch/middleware/server_timing.rb:61:in `block in call'
actionpack (8.0.4) lib/action_dispatch/middleware/server_timing.rb:26:in `collect_events'
actionpack (8.0.4) lib/action_dispatch/middleware/server_timing.rb:60:in `call'
actionpack (8.0.4) lib/action_dispatch/middleware/executor.rb:16:in `call'
propshaft (1.3.1) lib/propshaft/server.rb:37:in `call'
actionpack (8.0.4) lib/action_dispatch/middleware/static.rb:27:in `call'
rack (3.2.4) lib/rack/sendfile.rb:131:in `call'
actionpack (8.0.4) lib/action_dispatch/middleware/host_authorization.rb:143:in `call'
railties (8.0.4) lib/rails/engine.rb:535:in `call'
puma (7.1.0) lib/puma/configuration.rb:300:in `call'
puma (7.1.0) lib/puma/request.rb:101:in `block in handle_request'
puma (7.1.0) lib/puma/thread_pool.rb:355:in `with_force_shutdown'
puma (7.1.0) lib/puma/request.rb:100:in `handle_request'
puma (7.1.0) lib/puma/server.rb:503:in `process_client'
puma (7.1.0) lib/puma/server.rb:262:in `block in run'
puma (7.1.0) lib/puma/thread_pool.rb:182:in `block in spawn_thread'
Started GET "/" for ::1 at 2025-11-13 18:13:27 +0530
  
AbstractController::ActionNotFound (The action 'new' could not be found for PredictionsController):
  
actionpack (8.0.4) lib/abstract_controller/base.rb:147:in `process'
actionview (8.0.4) lib/action_view/rendering.rb:40:in `process'
actionpack (8.0.4) lib/action_controller/metal.rb:252:in `dispatch'
actionpack (8.0.4) lib/action_controller/metal.rb:335:in `dispatch'
actionpack (8.0.4) lib/action_dispatch/routing/route_set.rb:67:in `dispatch'
actionpack (8.0.4) lib/action_dispatch/routing/route_set.rb:50:in `serve'
actionpack (8.0.4) lib/action_dispatch/journey/router.rb:53:in `block in serve'
actionpack (8.0.4) lib/action_dispatch/journey/router.rb:133:in `block in find_routes'
actionpack (8.0.4) lib/action_dispatch/journey/router.rb:126:in `each'
actionpack (8.0.4) lib/action_dispatch/journey/router.rb:126:in `find_routes'
actionpack (8.0.4) lib/action_dispatch/journey/router.rb:34:in `serve'
actionpack (8.0.4) lib/action_dispatch/routing/route_set.rb:908:in `call'
railties (8.0.4) lib/rails/engine/lazy_route_set.rb:60:in `call'
rack (3.2.4) lib/rack/tempfile_reaper.rb:20:in `call'
rack (3.2.4) lib/rack/etag.rb:29:in `call'
rack (3.2.4) lib/rack/conditional_get.rb:31:in `call'
rack (3.2.4) lib/rack/head.rb:15:in `call'
actionpack (8.0.4) lib/action_dispatch/http/permissions_policy.rb:38:in `call'
actionpack (8.0.4) lib/action_dispatch/http/content_security_policy.rb:38:in `call'
rack-session (2.1.1) lib/rack/session/abstract/id.rb:274:in `context'
rack-session (2.1.1) lib/rack/session/abstract/id.rb:268:in `call'
actionpack (8.0.4) lib/action_dispatch/middleware/cookies.rb:706:in `call'
activerecord (8.0.4) lib/active_record/migration.rb:670:in `call'
actionpack (8.0.4) lib/action_dispatch/middleware/callbacks.rb:31:in `block in call'
activesupport (8.0.4) lib/active_support/callbacks.rb:100:in `run_callbacks'
actionpack (8.0.4) lib/action_dispatch/middleware/callbacks.rb:30:in `call'
actionpack (8.0.4) lib/action_dispatch/middleware/executor.rb:16:in `call'
actionpack (8.0.4) lib/action_dispatch/middleware/actionable_exceptions.rb:18:in `call'
actionpack (8.0.4) lib/action_dispatch/middleware/debug_exceptions.rb:31:in `call'
web-console (4.2.1) lib/web_console/middleware.rb:132:in `call_app'
web-console (4.2.1) lib/web_console/middleware.rb:28:in `block in call'
web-console (4.2.1) lib/web_console/middleware.rb:17:in `catch'
web-console (4.2.1) lib/web_console/middleware.rb:17:in `call'
actionpack (8.0.4) lib/action_dispatch/middleware/show_exceptions.rb:32:in `call'
railties (8.0.4) lib/rails/rack/logger.rb:41:in `call_app'
railties (8.0.4) lib/rails/rack/logger.rb:29:in `call'
actionpack (8.0.4) lib/action_dispatch/middleware/remote_ip.rb:96:in `call'
actionpack (8.0.4) lib/action_dispatch/middleware/request_id.rb:34:in `call'
rack (3.2.4) lib/rack/method_override.rb:28:in `call'
rack (3.2.4) lib/rack/runtime.rb:24:in `call'
actionpack (8.0.4) lib/action_dispatch/middleware/server_timing.rb:61:in `block in call'
actionpack (8.0.4) lib/action_dispatch/middleware/server_timing.rb:26:in `collect_events'
actionpack (8.0.4) lib/action_dispatch/middleware/server_timing.rb:60:in `call'
actionpack (8.0.4) lib/action_dispatch/middleware/executor.rb:16:in `call'
propshaft (1.3.1) lib/propshaft/server.rb:37:in `call'
actionpack (8.0.4) lib/action_dispatch/middleware/static.rb:27:in `call'
rack (3.2.4) lib/rack/sendfile.rb:131:in `call'
actionpack (8.0.4) lib/action_dispatch/middleware/host_authorization.rb:143:in `call'
railties (8.0.4) lib/rails/engine.rb:535:in `call'
puma (7.1.0) lib/puma/configuration.rb:300:in `call'
puma (7.1.0) lib/puma/request.rb:101:in `block in handle_request'
puma (7.1.0) lib/puma/thread_pool.rb:355:in `with_force_shutdown'
puma (7.1.0) lib/puma/request.rb:100:in `handle_request'
puma (7.1.0) lib/puma/server.rb:503:in `process_client'
puma (7.1.0) lib/puma/server.rb:262:in `block in run'
puma (7.1.0) lib/puma/thread_pool.rb:182:in `block in spawn_thread'
Started GET "/" for ::1 at 2025-11-13 18:13:28 +0530
  
AbstractController::ActionNotFound (The action 'new' could not be found for PredictionsController):
  
actionpack (8.0.4) lib/abstract_controller/base.rb:147:in `process'
actionview (8.0.4) lib/action_view/rendering.rb:40:in `process'
actionpack (8.0.4) lib/action_controller/metal.rb:252:in `dispatch'
actionpack (8.0.4) lib/action_controller/metal.rb:335:in `dispatch'
actionpack (8.0.4) lib/action_dispatch/routing/route_set.rb:67:in `dispatch'
actionpack (8.0.4) lib/action_dispatch/routing/route_set.rb:50:in `serve'
actionpack (8.0.4) lib/action_dispatch/journey/router.rb:53:in `block in serve'
actionpack (8.0.4) lib/action_dispatch/journey/router.rb:133:in `block in find_routes'
actionpack (8.0.4) lib/action_dispatch/journey/router.rb:126:in `each'
actionpack (8.0.4) lib/action_dispatch/journey/router.rb:126:in `find_routes'
actionpack (8.0.4) lib/action_dispatch/journey/router.rb:34:in `serve'
actionpack (8.0.4) lib/action_dispatch/routing/route_set.rb:908:in `call'
railties (8.0.4) lib/rails/engine/lazy_route_set.rb:60:in `call'
rack (3.2.4) lib/rack/tempfile_reaper.rb:20:in `call'
rack (3.2.4) lib/rack/etag.rb:29:in `call'
rack (3.2.4) lib/rack/conditional_get.rb:31:in `call'
rack (3.2.4) lib/rack/head.rb:15:in `call'
actionpack (8.0.4) lib/action_dispatch/http/permissions_policy.rb:38:in `call'
actionpack (8.0.4) lib/action_dispatch/http/content_security_policy.rb:38:in `call'
rack-session (2.1.1) lib/rack/session/abstract/id.rb:274:in `context'
rack-session (2.1.1) lib/rack/session/abstract/id.rb:268:in `call'
actionpack (8.0.4) lib/action_dispatch/middleware/cookies.rb:706:in `call'
activerecord (8.0.4) lib/active_record/migration.rb:670:in `call'
actionpack (8.0.4) lib/action_dispatch/middleware/callbacks.rb:31:in `block in call'
activesupport (8.0.4) lib/active_support/callbacks.rb:100:in `run_callbacks'
actionpack (8.0.4) lib/action_dispatch/middleware/callbacks.rb:30:in `call'
actionpack (8.0.4) lib/action_dispatch/middleware/executor.rb:16:in `call'
actionpack (8.0.4) lib/action_dispatch/middleware/actionable_exceptions.rb:18:in `call'
actionpack (8.0.4) lib/action_dispatch/middleware/debug_exceptions.rb:31:in `call'
web-console (4.2.1) lib/web_console/middleware.rb:132:in `call_app'
web-console (4.2.1) lib/web_console/middleware.rb:28:in `block in call'
web-console (4.2.1) lib/web_console/middleware.rb:17:in `catch'
web-console (4.2.1) lib/web_console/middleware.rb:17:in `call'
actionpack (8.0.4) lib/action_dispatch/middleware/show_exceptions.rb:32:in `call'
railties (8.0.4) lib/rails/rack/logger.rb:41:in `call_app'
railties (8.0.4) lib/rails/rack/logger.rb:29:in `call'
actionpack (8.0.4) lib/action_dispatch/middleware/remote_ip.rb:96:in `call'
actionpack (8.0.4) lib/action_dispatch/middleware/request_id.rb:34:in `call'
rack (3.2.4) lib/rack/method_override.rb:28:in `call'
rack (3.2.4) lib/rack/runtime.rb:24:in `call'
actionpack (8.0.4) lib/action_dispatch/middleware/server_timing.rb:61:in `block in call'
actionpack (8.0.4) lib/action_dispatch/middleware/server_timing.rb:26:in `collect_events'
actionpack (8.0.4) lib/action_dispatch/middleware/server_timing.rb:60:in `call'
actionpack (8.0.4) lib/action_dispatch/middleware/executor.rb:16:in `call'
propshaft (1.3.1) lib/propshaft/server.rb:37:in `call'
actionpack (8.0.4) lib/action_dispatch/middleware/static.rb:27:in `call'
rack (3.2.4) lib/rack/sendfile.rb:131:in `call'
actionpack (8.0.4) lib/action_dispatch/middleware/host_authorization.rb:143:in `call'
railties (8.0.4) lib/rails/engine.rb:535:in `call'
puma (7.1.0) lib/puma/configuration.rb:300:in `call'
puma (7.1.0) lib/puma/request.rb:101:in `block in handle_request'
puma (7.1.0) lib/puma/thread_pool.rb:355:in `with_force_shutdown'
puma (7.1.0) lib/puma/request.rb:100:in `handle_request'
puma (7.1.0) lib/puma/server.rb:503:in `process_client'
puma (7.1.0) lib/puma/server.rb:262:in `block in run'
puma (7.1.0) lib/puma/thread_pool.rb:182:in `block in spawn_thread'
Started GET "/" for ::1 at 2025-11-13 18:13:28 +0530
  
AbstractController::ActionNotFound (The action 'new' could not be found for PredictionsController):
  
actionpack (8.0.4) lib/abstract_controller/base.rb:147:in `process'
actionview (8.0.4) lib/action_view/rendering.rb:40:in `process'
actionpack (8.0.4) lib/action_controller/metal.rb:252:in `dispatch'
actionpack (8.0.4) lib/action_controller/metal.rb:335:in `dispatch'
actionpack (8.0.4) lib/action_dispatch/routing/route_set.rb:67:in `dispatch'
actionpack (8.0.4) lib/action_dispatch/routing/route_set.rb:50:in `serve'
actionpack (8.0.4) lib/action_dispatch/journey/router.rb:53:in `block in serve'
actionpack (8.0.4) lib/action_dispatch/journey/router.rb:133:in `block in find_routes'
actionpack (8.0.4) lib/action_dispatch/journey/router.rb:126:in `each'
actionpack (8.0.4) lib/action_dispatch/journey/router.rb:126:in `find_routes'
actionpack (8.0.4) lib/action_dispatch/journey/router.rb:34:in `serve'
actionpack (8.0.4) lib/action_dispatch/routing/route_set.rb:908:in `call'
railties (8.0.4) lib/rails/engine/lazy_route_set.rb:60:in `call'
rack (3.2.4) lib/rack/tempfile_reaper.rb:20:in `call'
rack (3.2.4) lib/rack/etag.rb:29:in `call'
rack (3.2.4) lib/rack/conditional_get.rb:31:in `call'
rack (3.2.4) lib/rack/head.rb:15:in `call'
actionpack (8.0.4) lib/action_dispatch/http/permissions_policy.rb:38:in `call'
actionpack (8.0.4) lib/action_dispatch/http/content_security_policy.rb:38:in `call'
rack-session (2.1.1) lib/rack/session/abstract/id.rb:274:in `context'
rack-session (2.1.1) lib/rack/session/abstract/id.rb:268:in `call'
actionpack (8.0.4) lib/action_dispatch/middleware/cookies.rb:706:in `call'
activerecord (8.0.4) lib/active_record/migration.rb:670:in `call'
actionpack (8.0.4) lib/action_dispatch/middleware/callbacks.rb:31:in `block in call'
activesupport (8.0.4) lib/active_support/callbacks.rb:100:in `run_callbacks'
actionpack (8.0.4) lib/action_dispatch/middleware/callbacks.rb:30:in `call'
actionpack (8.0.4) lib/action_dispatch/middleware/executor.rb:16:in `call'
actionpack (8.0.4) lib/action_dispatch/middleware/actionable_exceptions.rb:18:in `call'
actionpack (8.0.4) lib/action_dispatch/middleware/debug_exceptions.rb:31:in `call'
web-console (4.2.1) lib/web_console/middleware.rb:132:in `call_app'
web-console (4.2.1) lib/web_console/middleware.rb:28:in `block in call'
web-console (4.2.1) lib/web_console/middleware.rb:17:in `catch'
web-console (4.2.1) lib/web_console/middleware.rb:17:in `call'
actionpack (8.0.4) lib/action_dispatch/middleware/show_exceptions.rb:32:in `call'
railties (8.0.4) lib/rails/rack/logger.rb:41:in `call_app'
railties (8.0.4) lib/rails/rack/logger.rb:29:in `call'
actionpack (8.0.4) lib/action_dispatch/middleware/remote_ip.rb:96:in `call'
actionpack (8.0.4) lib/action_dispatch/middleware/request_id.rb:34:in `call'
rack (3.2.4) lib/rack/method_override.rb:28:in `call'
rack (3.2.4) lib/rack/runtime.rb:24:in `call'
actionpack (8.0.4) lib/action_dispatch/middleware/server_timing.rb:61:in `block in call'
actionpack (8.0.4) lib/action_dispatch/middleware/server_timing.rb:26:in `collect_events'
actionpack (8.0.4) lib/action_dispatch/middleware/server_timing.rb:60:in `call'
actionpack (8.0.4) lib/action_dispatch/middleware/executor.rb:16:in `call'
propshaft (1.3.1) lib/propshaft/server.rb:37:in `call'
actionpack (8.0.4) lib/action_dispatch/middleware/static.rb:27:in `call'
rack (3.2.4) lib/rack/sendfile.rb:131:in `call'
actionpack (8.0.4) lib/action_dispatch/middleware/host_authorization.rb:143:in `call'
railties (8.0.4) lib/rails/engine.rb:535:in `call'
puma (7.1.0) lib/puma/configuration.rb:300:in `call'
puma (7.1.0) lib/puma/request.rb:101:in `block in handle_request'
puma (7.1.0) lib/puma/thread_pool.rb:355:in `with_force_shutdown'
puma (7.1.0) lib/puma/request.rb:100:in `handle_request'
puma (7.1.0) lib/puma/server.rb:503:in `process_client'
puma (7.1.0) lib/puma/server.rb:262:in `block in run'
puma (7.1.0) lib/puma/thread_pool.rb:182:in `block in spawn_thread'
Started GET "/" for ::1 at 2025-11-13 18:13:28 +0530
  
AbstractController::ActionNotFound (The action 'new' could not be found for PredictionsController):
  
actionpack (8.0.4) lib/abstract_controller/base.rb:147:in `process'
actionview (8.0.4) lib/action_view/rendering.rb:40:in `process'
actionpack (8.0.4) lib/action_controller/metal.rb:252:in `dispatch'
actionpack (8.0.4) lib/action_controller/metal.rb:335:in `dispatch'
actionpack (8.0.4) lib/action_dispatch/routing/route_set.rb:67:in `dispatch'
actionpack (8.0.4) lib/action_dispatch/routing/route_set.rb:50:in `serve'
actionpack (8.0.4) lib/action_dispatch/journey/router.rb:53:in `block in serve'
actionpack (8.0.4) lib/action_dispatch/journey/router.rb:133:in `block in find_routes'
actionpack (8.0.4) lib/action_dispatch/journey/router.rb:126:in `each'
actionpack (8.0.4) lib/action_dispatch/journey/router.rb:126:in `find_routes'
actionpack (8.0.4) lib/action_dispatch/journey/router.rb:34:in `serve'
actionpack (8.0.4) lib/action_dispatch/routing/route_set.rb:908:in `call'
railties (8.0.4) lib/rails/engine/lazy_route_set.rb:60:in `call'
rack (3.2.4) lib/rack/tempfile_reaper.rb:20:in `call'
rack (3.2.4) lib/rack/etag.rb:29:in `call'
rack (3.2.4) lib/rack/conditional_get.rb:31:in `call'
rack (3.2.4) lib/rack/head.rb:15:in `call'
actionpack (8.0.4) lib/action_dispatch/http/permissions_policy.rb:38:in `call'
actionpack (8.0.4) lib/action_dispatch/http/content_security_policy.rb:38:in `call'
rack-session (2.1.1) lib/rack/session/abstract/id.rb:274:in `context'
rack-session (2.1.1) lib/rack/session/abstract/id.rb:268:in `call'
actionpack (8.0.4) lib/action_dispatch/middleware/cookies.rb:706:in `call'
activerecord (8.0.4) lib/active_record/migration.rb:670:in `call'
actionpack (8.0.4) lib/action_dispatch/middleware/callbacks.rb:31:in `block in call'
activesupport (8.0.4) lib/active_support/callbacks.rb:100:in `run_callbacks'
actionpack (8.0.4) lib/action_dispatch/middleware/callbacks.rb:30:in `call'
actionpack (8.0.4) lib/action_dispatch/middleware/executor.rb:16:in `call'
actionpack (8.0.4) lib/action_dispatch/middleware/actionable_exceptions.rb:18:in `call'
actionpack (8.0.4) lib/action_dispatch/middleware/debug_exceptions.rb:31:in `call'
web-console (4.2.1) lib/web_console/middleware.rb:132:in `call_app'
web-console (4.2.1) lib/web_console/middleware.rb:28:in `block in call'
web-console (4.2.1) lib/web_console/middleware.rb:17:in `catch'
web-console (4.2.1) lib/web_console/middleware.rb:17:in `call'
actionpack (8.0.4) lib/action_dispatch/middleware/show_exceptions.rb:32:in `call'
railties (8.0.4) lib/rails/rack/logger.rb:41:in `call_app'
railties (8.0.4) lib/rails/rack/logger.rb:29:in `call'
actionpack (8.0.4) lib/action_dispatch/middleware/remote_ip.rb:96:in `call'
actionpack (8.0.4) lib/action_dispatch/middleware/request_id.rb:34:in `call'
rack (3.2.4) lib/rack/method_override.rb:28:in `call'
rack (3.2.4) lib/rack/runtime.rb:24:in `call'
actionpack (8.0.4) lib/action_dispatch/middleware/server_timing.rb:61:in `block in call'
actionpack (8.0.4) lib/action_dispatch/middleware/server_timing.rb:26:in `collect_events'
actionpack (8.0.4) lib/action_dispatch/middleware/server_timing.rb:60:in `call'
actionpack (8.0.4) lib/action_dispatch/middleware/executor.rb:16:in `call'
propshaft (1.3.1) lib/propshaft/server.rb:37:in `call'
actionpack (8.0.4) lib/action_dispatch/middleware/static.rb:27:in `call'
rack (3.2.4) lib/rack/sendfile.rb:131:in `call'
actionpack (8.0.4) lib/action_dispatch/middleware/host_authorization.rb:143:in `call'
railties (8.0.4) lib/rails/engine.rb:535:in `call'
puma (7.1.0) lib/puma/configuration.rb:300:in `call'
puma (7.1.0) lib/puma/request.rb:101:in `block in handle_request'
puma (7.1.0) lib/puma/thread_pool.rb:355:in `with_force_shutdown'
puma (7.1.0) lib/puma/request.rb:100:in `handle_request'
puma (7.1.0) lib/puma/server.rb:503:in `process_client'
puma (7.1.0) lib/puma/server.rb:262:in `block in run'
puma (7.1.0) lib/puma/thread_pool.rb:182:in `block in spawn_thread'
Started GET "/" for ::1 at 2025-11-13 18:13:28 +0530
  
AbstractController::ActionNotFound (The action 'new' could not be found for PredictionsController):
  
actionpack (8.0.4) lib/abstract_controller/base.rb:147:in `process'
actionview (8.0.4) lib/action_view/rendering.rb:40:in `process'
actionpack (8.0.4) lib/action_controller/metal.rb:252:in `dispatch'
actionpack (8.0.4) lib/action_controller/metal.rb:335:in `dispatch'
actionpack (8.0.4) lib/action_dispatch/routing/route_set.rb:67:in `dispatch'
actionpack (8.0.4) lib/action_dispatch/routing/route_set.rb:50:in `serve'
actionpack (8.0.4) lib/action_dispatch/journey/router.rb:53:in `block in serve'
actionpack (8.0.4) lib/action_dispatch/journey/router.rb:133:in `block in find_routes'
actionpack (8.0.4) lib/action_dispatch/journey/router.rb:126:in `each'
actionpack (8.0.4) lib/action_dispatch/journey/router.rb:126:in `find_routes'
actionpack (8.0.4) lib/action_dispatch/journey/router.rb:34:in `serve'
actionpack (8.0.4) lib/action_dispatch/routing/route_set.rb:908:in `call'
railties (8.0.4) lib/rails/engine/lazy_route_set.rb:60:in `call'
rack (3.2.4) lib/rack/tempfile_reaper.rb:20:in `call'
rack (3.2.4) lib/rack/etag.rb:29:in `call'
rack (3.2.4) lib/rack/conditional_get.rb:31:in `call'
rack (3.2.4) lib/rack/head.rb:15:in `call'
actionpack (8.0.4) lib/action_dispatch/http/permissions_policy.rb:38:in `call'
actionpack (8.0.4) lib/action_dispatch/http/content_security_policy.rb:38:in `call'
rack-session (2.1.1) lib/rack/session/abstract/id.rb:274:in `context'
rack-session (2.1.1) lib/rack/session/abstract/id.rb:268:in `call'
actionpack (8.0.4) lib/action_dispatch/middleware/cookies.rb:706:in `call'
activerecord (8.0.4) lib/active_record/migration.rb:670:in `call'
actionpack (8.0.4) lib/action_dispatch/middleware/callbacks.rb:31:in `block in call'
activesupport (8.0.4) lib/active_support/callbacks.rb:100:in `run_callbacks'
actionpack (8.0.4) lib/action_dispatch/middleware/callbacks.rb:30:in `call'
actionpack (8.0.4) lib/action_dispatch/middleware/executor.rb:16:in `call'
actionpack (8.0.4) lib/action_dispatch/middleware/actionable_exceptions.rb:18:in `call'
actionpack (8.0.4) lib/action_dispatch/middleware/debug_exceptions.rb:31:in `call'
web-console (4.2.1) lib/web_console/middleware.rb:132:in `call_app'
web-console (4.2.1) lib/web_console/middleware.rb:28:in `block in call'
web-console (4.2.1) lib/web_console/middleware.rb:17:in `catch'
web-console (4.2.1) lib/web_console/middleware.rb:17:in `call'
actionpack (8.0.4) lib/action_dispatch/middleware/show_exceptions.rb:32:in `call'
railties (8.0.4) lib/rails/rack/logger.rb:41:in `call_app'
railties (8.0.4) lib/rails/rack/logger.rb:29:in `call'
actionpack (8.0.4) lib/action_dispatch/middleware/remote_ip.rb:96:in `call'
actionpack (8.0.4) lib/action_dispatch/middleware/request_id.rb:34:in `call'
rack (3.2.4) lib/rack/method_override.rb:28:in `call'
rack (3.2.4) lib/rack/runtime.rb:24:in `call'
actionpack (8.0.4) lib/action_dispatch/middleware/server_timing.rb:61:in `block in call'
actionpack (8.0.4) lib/action_dispatch/middleware/server_timing.rb:26:in `collect_events'
actionpack (8.0.4) lib/action_dispatch/middleware/server_timing.rb:60:in `call'
actionpack (8.0.4) lib/action_dispatch/middleware/executor.rb:16:in `call'
propshaft (1.3.1) lib/propshaft/server.rb:37:in `call'
actionpack (8.0.4) lib/action_dispatch/middleware/static.rb:27:in `call'
rack (3.2.4) lib/rack/sendfile.rb:131:in `call'
actionpack (8.0.4) lib/action_dispatch/middleware/host_authorization.rb:143:in `call'
railties (8.0.4) lib/rails/engine.rb:535:in `call'
puma (7.1.0) lib/puma/configuration.rb:300:in `call'
puma (7.1.0) lib/puma/request.rb:101:in `block in handle_request'
puma (7.1.0) lib/puma/thread_pool.rb:355:in `with_force_shutdown'
puma (7.1.0) lib/puma/request.rb:100:in `handle_request'
puma (7.1.0) lib/puma/server.rb:503:in `process_client'
puma (7.1.0) lib/puma/server.rb:262:in `block in run'
puma (7.1.0) lib/puma/thread_pool.rb:182:in `block in spawn_thread'
Started GET "/" for ::1 at 2025-11-13 18:13:28 +0530
  
AbstractController::ActionNotFound (The action 'new' could not be found for PredictionsController):
  
actionpack (8.0.4) lib/abstract_controller/base.rb:147:in `process'
actionview (8.0.4) lib/action_view/rendering.rb:40:in `process'
actionpack (8.0.4) lib/action_controller/metal.rb:252:in `dispatch'
actionpack (8.0.4) lib/action_controller/metal.rb:335:in `dispatch'
actionpack (8.0.4) lib/action_dispatch/routing/route_set.rb:67:in `dispatch'
actionpack (8.0.4) lib/action_dispatch/routing/route_set.rb:50:in `serve'
actionpack (8.0.4) lib/action_dispatch/journey/router.rb:53:in `block in serve'
actionpack (8.0.4) lib/action_dispatch/journey/router.rb:133:in `block in find_routes'
actionpack (8.0.4) lib/action_dispatch/journey/router.rb:126:in `each'
actionpack (8.0.4) lib/action_dispatch/journey/router.rb:126:in `find_routes'
actionpack (8.0.4) lib/action_dispatch/journey/router.rb:34:in `serve'
actionpack (8.0.4) lib/action_dispatch/routing/route_set.rb:908:in `call'
railties (8.0.4) lib/rails/engine/lazy_route_set.rb:60:in `call'
rack (3.2.4) lib/rack/tempfile_reaper.rb:20:in `call'
rack (3.2.4) lib/rack/etag.rb:29:in `call'
rack (3.2.4) lib/rack/conditional_get.rb:31:in `call'
rack (3.2.4) lib/rack/head.rb:15:in `call'
actionpack (8.0.4) lib/action_dispatch/http/permissions_policy.rb:38:in `call'
actionpack (8.0.4) lib/action_dispatch/http/content_security_policy.rb:38:in `call'
rack-session (2.1.1) lib/rack/session/abstract/id.rb:274:in `context'
rack-session (2.1.1) lib/rack/session/abstract/id.rb:268:in `call'
actionpack (8.0.4) lib/action_dispatch/middleware/cookies.rb:706:in `call'
activerecord (8.0.4) lib/active_record/migration.rb:670:in `call'
actionpack (8.0.4) lib/action_dispatch/middleware/callbacks.rb:31:in `block in call'
activesupport (8.0.4) lib/active_support/callbacks.rb:100:in `run_callbacks'
actionpack (8.0.4) lib/action_dispatch/middleware/callbacks.rb:30:in `call'
actionpack (8.0.4) lib/action_dispatch/middleware/executor.rb:16:in `call'
actionpack (8.0.4) lib/action_dispatch/middleware/actionable_exceptions.rb:18:in `call'
actionpack (8.0.4) lib/action_dispatch/middleware/debug_exceptions.rb:31:in `call'
web-console (4.2.1) lib/web_console/middleware.rb:132:in `call_app'
web-console (4.2.1) lib/web_console/middleware.rb:28:in `block in call'
web-console (4.2.1) lib/web_console/middleware.rb:17:in `catch'
web-console (4.2.1) lib/web_console/middleware.rb:17:in `call'
actionpack (8.0.4) lib/action_dispatch/middleware/show_exceptions.rb:32:in `call'
railties (8.0.4) lib/rails/rack/logger.rb:41:in `call_app'
railties (8.0.4) lib/rails/rack/logger.rb:29:in `call'
actionpack (8.0.4) lib/action_dispatch/middleware/remote_ip.rb:96:in `call'
actionpack (8.0.4) lib/action_dispatch/middleware/request_id.rb:34:in `call'
rack (3.2.4) lib/rack/method_override.rb:28:in `call'
rack (3.2.4) lib/rack/runtime.rb:24:in `call'
actionpack (8.0.4) lib/action_dispatch/middleware/server_timing.rb:61:in `block in call'
actionpack (8.0.4) lib/action_dispatch/middleware/server_timing.rb:26:in `collect_events'
actionpack (8.0.4) lib/action_dispatch/middleware/server_timing.rb:60:in `call'
actionpack (8.0.4) lib/action_dispatch/middleware/executor.rb:16:in `call'
propshaft (1.3.1) lib/propshaft/server.rb:37:in `call'
actionpack (8.0.4) lib/action_dispatch/middleware/static.rb:27:in `call'
rack (3.2.4) lib/rack/sendfile.rb:131:in `call'
actionpack (8.0.4) lib/action_dispatch/middleware/host_authorization.rb:143:in `call'
railties (8.0.4) lib/rails/engine.rb:535:in `call'
puma (7.1.0) lib/puma/configuration.rb:300:in `call'
puma (7.1.0) lib/puma/request.rb:101:in `block in handle_request'
puma (7.1.0) lib/puma/thread_pool.rb:355:in `with_force_shutdown'
puma (7.1.0) lib/puma/request.rb:100:in `handle_request'
puma (7.1.0) lib/puma/server.rb:503:in `process_client'
puma (7.1.0) lib/puma/server.rb:262:in `block in run'
puma (7.1.0) lib/puma/thread_pool.rb:182:in `block in spawn_thread'
Started GET "/predict" for ::1 at 2025-11-13 18:13:32 +0530
  
ActionController::RoutingError (No route matches [GET] "/predict"):
  
Started GET "/predict" for ::1 at 2025-11-13 18:13:33 +0530
  
ActionController::RoutingError (No route matches [GET] "/predict"):
  
Started GET "/predict" for ::1 at 2025-11-13 18:13:33 +0530
  
ActionController::RoutingError (No route matches [GET] "/predict"):
  
Started GET "/" for ::1 at 2025-11-13 18:14:29 +0530
Processing by PredictionsController#new as HTML
Completed 406 Not Acceptable in 25ms (ActiveRecord: 0.0ms (0 queries, 0 cached) | GC: 0.0ms)


  
ActionController::MissingExactTemplate (PredictionsController#new is missing a template for request formats: text/html):
  
actionpack (8.0.4) lib/action_controller/metal/implicit_render.rb:49:in `default_render'
actionpack (8.0.4) lib/action_controller/metal/basic_implicit_render.rb:9:in `send_action'
actionpack (8.0.4) lib/abstract_controller/base.rb:215:in `process_action'
actionpack (8.0.4) lib/action_controller/metal/rendering.rb:193:in `process_action'
actionpack (8.0.4) lib/abstract_controller/callbacks.rb:261:in `block in process_action'
activesupport (8.0.4) lib/active_support/callbacks.rb:120:in `block in run_callbacks'
turbo-rails (2.0.20) lib/turbo-rails.rb:24:in `with_request_id'
turbo-rails (2.0.20) app/controllers/concerns/turbo/request_id_tracking.rb:10:in `turbo_tracking_request_id'
activesupport (8.0.4) lib/active_support/callbacks.rb:129:in `block in run_callbacks'
actiontext (8.0.4) lib/action_text/rendering.rb:25:in `with_renderer'
actiontext (8.0.4) lib/action_text/engine.rb:71:in `block (4 levels) in <class:Engine>'
activesupport (8.0.4) lib/active_support/callbacks.rb:129:in `instance_exec'
activesupport (8.0.4) lib/active_support/callbacks.rb:129:in `block in run_callbacks'
activesupport (8.0.4) lib/active_support/callbacks.rb:140:in `run_callbacks'
actionpack (8.0.4) lib/abstract_controller/callbacks.rb:260:in `process_action'
actionpack (8.0.4) lib/action_controller/metal/rescue.rb:27:in `process_action'
actionpack (8.0.4) lib/action_controller/metal/instrumentation.rb:76:in `block in process_action'
activesupport (8.0.4) lib/active_support/notifications.rb:210:in `block in instrument'
activesupport (8.0.4) lib/active_support/notifications/instrumenter.rb:58:in `instrument'
activesupport (8.0.4) lib/active_support/notifications.rb:210:in `instrument'
actionpack (8.0.4) lib/action_controller/metal/instrumentation.rb:75:in `process_action'
actionpack (8.0.4) lib/action_controller/metal/params_wrapper.rb:259:in `process_action'
activerecord (8.0.4) lib/active_record/railties/controller_runtime.rb:39:in `process_action'
actionpack (8.0.4) lib/abstract_controller/base.rb:152:in `process'
actionview (8.0.4) lib/action_view/rendering.rb:40:in `process'
actionpack (8.0.4) lib/action_controller/metal.rb:252:in `dispatch'
actionpack (8.0.4) lib/action_controller/metal.rb:335:in `dispatch'
actionpack (8.0.4) lib/action_dispatch/routing/route_set.rb:67:in `dispatch'
actionpack (8.0.4) lib/action_dispatch/routing/route_set.rb:50:in `serve'
actionpack (8.0.4) lib/action_dispatch/journey/router.rb:53:in `block in serve'
actionpack (8.0.4) lib/action_dispatch/journey/router.rb:133:in `block in find_routes'
actionpack (8.0.4) lib/action_dispatch/journey/router.rb:126:in `each'
actionpack (8.0.4) lib/action_dispatch/journey/router.rb:126:in `find_routes'
actionpack (8.0.4) lib/action_dispatch/journey/router.rb:34:in `serve'
actionpack (8.0.4) lib/action_dispatch/routing/route_set.rb:908:in `call'
railties (8.0.4) lib/rails/engine/lazy_route_set.rb:60:in `call'
rack (3.2.4) lib/rack/tempfile_reaper.rb:20:in `call'
rack (3.2.4) lib/rack/etag.rb:29:in `call'
rack (3.2.4) lib/rack/conditional_get.rb:31:in `call'
rack (3.2.4) lib/rack/head.rb:15:in `call'
actionpack (8.0.4) lib/action_dispatch/http/permissions_policy.rb:38:in `call'
actionpack (8.0.4) lib/action_dispatch/http/content_security_policy.rb:38:in `call'
rack-session (2.1.1) lib/rack/session/abstract/id.rb:274:in `context'
rack-session (2.1.1) lib/rack/session/abstract/id.rb:268:in `call'
actionpack (8.0.4) lib/action_dispatch/middleware/cookies.rb:706:in `call'
activerecord (8.0.4) lib/active_record/migration.rb:670:in `call'
actionpack (8.0.4) lib/action_dispatch/middleware/callbacks.rb:31:in `block in call'
activesupport (8.0.4) lib/active_support/callbacks.rb:100:in `run_callbacks'
actionpack (8.0.4) lib/action_dispatch/middleware/callbacks.rb:30:in `call'
actionpack (8.0.4) lib/action_dispatch/middleware/executor.rb:16:in `call'
actionpack (8.0.4) lib/action_dispatch/middleware/actionable_exceptions.rb:18:in `call'
actionpack (8.0.4) lib/action_dispatch/middleware/debug_exceptions.rb:31:in `call'
web-console (4.2.1) lib/web_console/middleware.rb:132:in `call_app'
web-console (4.2.1) lib/web_console/middleware.rb:28:in `block in call'
web-console (4.2.1) lib/web_console/middleware.rb:17:in `catch'
web-console (4.2.1) lib/web_console/middleware.rb:17:in `call'
actionpack (8.0.4) lib/action_dispatch/middleware/show_exceptions.rb:32:in `call'
railties (8.0.4) lib/rails/rack/logger.rb:41:in `call_app'
railties (8.0.4) lib/rails/rack/logger.rb:29:in `call'
actionpack (8.0.4) lib/action_dispatch/middleware/remote_ip.rb:96:in `call'
actionpack (8.0.4) lib/action_dispatch/middleware/request_id.rb:34:in `call'
rack (3.2.4) lib/rack/method_override.rb:28:in `call'
rack (3.2.4) lib/rack/runtime.rb:24:in `call'
actionpack (8.0.4) lib/action_dispatch/middleware/server_timing.rb:61:in `block in call'
actionpack (8.0.4) lib/action_dispatch/middleware/server_timing.rb:26:in `collect_events'
actionpack (8.0.4) lib/action_dispatch/middleware/server_timing.rb:60:in `call'
actionpack (8.0.4) lib/action_dispatch/middleware/executor.rb:16:in `call'
propshaft (1.3.1) lib/propshaft/server.rb:37:in `call'
actionpack (8.0.4) lib/action_dispatch/middleware/static.rb:27:in `call'
rack (3.2.4) lib/rack/sendfile.rb:131:in `call'
actionpack (8.0.4) lib/action_dispatch/middleware/host_authorization.rb:143:in `call'
railties (8.0.4) lib/rails/engine.rb:535:in `call'
puma (7.1.0) lib/puma/configuration.rb:300:in `call'
puma (7.1.0) lib/puma/request.rb:101:in `block in handle_request'
puma (7.1.0) lib/puma/thread_pool.rb:355:in `with_force_shutdown'
puma (7.1.0) lib/puma/request.rb:100:in `handle_request'
puma (7.1.0) lib/puma/server.rb:503:in `process_client'
puma (7.1.0) lib/puma/server.rb:262:in `block in run'
puma (7.1.0) lib/puma/thread_pool.rb:182:in `block in spawn_thread'
Started GET "/predict" for ::1 at 2025-11-13 18:14:30 +0530
  
ActionController::RoutingError (No route matches [GET] "/predict"):
  
Started GET "/" for ::1 at 2025-11-13 18:15:19 +0530
Processing by PredictionsController#new as HTML
  Rendering layout layouts/application.html.erb
  Rendering predictions/new.html.erb within layouts/application
  Rendered predictions/new.html.erb within layouts/application (Duration: 2.7ms | GC: 0.0ms)
  Rendered layout layouts/application.html.erb (Duration: 6.5ms | GC: 0.0ms)
Completed 200 OK in 19ms (Views: 6.9ms | ActiveRecord: 0.0ms (0 queries, 0 cached) | GC: 0.0ms)


Started GET "/" for ::1 at 2025-11-13 18:15:19 +0530
Processing by PredictionsController#new as HTML
  Rendering layout layouts/application.html.erb
  Rendering predictions/new.html.erb within layouts/application
  Rendered predictions/new.html.erb within layouts/application (Duration: 6.1ms | GC: 0.0ms)
  Rendered layout layouts/application.html.erb (Duration: 6.3ms | GC: 0.0ms)
Completed 200 OK in 25ms (Views: 6.5ms | ActiveRecord: 0.0ms (0 queries, 0 cached) | GC: 0.0ms)


Started GET "/predict" for ::1 at 2025-11-13 18:15:21 +0530
  
ActionController::RoutingError (No route matches [GET] "/predict"):
  
Started POST "/predict" for ::1 at 2025-11-13 18:15:46 +0530
Processing by PredictionsController#predict as TURBO_STREAM
  Parameters: {"authenticity_token"=>"[FILTERED]", "year"=>"2000", "engine_size"=>"0.5", "mileage"=>"200", "fuel_type"=>"Petrol", "transmission"=>"Manual", "condition"=>"Like New"}
  Rendering layout layouts/application.html.erb
  Rendering predictions/new.html.erb within layouts/application
  Rendered predictions/new.html.erb within layouts/application (Duration: 0.4ms | GC: 0.0ms)
  Rendered layout layouts/application.html.erb (Duration: 0.7ms | GC: 0.0ms)
Completed 200 OK in 101ms (Views: 0.8ms | ActiveRecord: 0.0ms (0 queries, 0 cached) | GC: 23.6ms)


Started POST "/predict" for ::1 at 2025-11-13 18:16:27 +0530
Processing by PredictionsController#predict as TURBO_STREAM
  Parameters: {"authenticity_token"=>"[FILTERED]", "year"=>"2000", "engine_size"=>"0.5", "mileage"=>"200", "fuel_type"=>"Petrol", "transmission"=>"Manual", "condition"=>"Like New"}
  Rendering layout layouts/application.html.erb
  Rendering predictions/new.html.erb within layouts/application
  Rendered predictions/new.html.erb within layouts/application (Duration: 0.4ms | GC: 0.0ms)
  Rendered layout layouts/application.html.erb (Duration: 0.7ms | GC: 0.0ms)
Completed 200 OK in 80ms (Views: 0.8ms | ActiveRecord: 0.0ms (0 queries, 0 cached) | GC: 4.4ms)


Started POST "/predict" for ::1 at 2025-11-13 18:16:27 +0530
Processing by PredictionsController#predict as TURBO_STREAM
  Parameters: {"authenticity_token"=>"[FILTERED]", "year"=>"2000", "engine_size"=>"0.5", "mileage"=>"200", "fuel_type"=>"Petrol", "transmission"=>"Manual", "condition"=>"Like New"}
  Rendering layout layouts/application.html.erb
  Rendering predictions/new.html.erb within layouts/application
  Rendered predictions/new.html.erb within layouts/application (Duration: 0.4ms | GC: 0.0ms)
  Rendered layout layouts/application.html.erb (Duration: 0.7ms | GC: 0.0ms)
Completed 200 OK in 74ms (Views: 0.8ms | ActiveRecord: 0.0ms (0 queries, 0 cached) | GC: 4.1ms)


Started POST "/predict" for ::1 at 2025-11-13 18:16:27 +0530
Processing by PredictionsController#predict as TURBO_STREAM
  Parameters: {"authenticity_token"=>"[FILTERED]", "year"=>"2000", "engine_size"=>"0.5", "mileage"=>"200", "fuel_type"=>"Petrol", "transmission"=>"Manual", "condition"=>"Like New"}
  Rendering layout layouts/application.html.erb
  Rendering predictions/new.html.erb within layouts/application
  Rendered predictions/new.html.erb within layouts/application (Duration: 0.5ms | GC: 0.1ms)
  Rendered layout layouts/application.html.erb (Duration: 0.7ms | GC: 0.1ms)
Completed 200 OK in 71ms (Views: 0.9ms | ActiveRecord: 0.0ms (0 queries, 0 cached) | GC: 3.8ms)


Started POST "/predict" for ::1 at 2025-11-13 18:16:27 +0530
Processing by PredictionsController#predict as TURBO_STREAM
  Parameters: {"authenticity_token"=>"[FILTERED]", "year"=>"2000", "engine_size"=>"0.5", "mileage"=>"200", "fuel_type"=>"Petrol", "transmission"=>"Manual", "condition"=>"Like New"}
  Rendering layout layouts/application.html.erb
  Rendering predictions/new.html.erb within layouts/application
  Rendered predictions/new.html.erb within layouts/application (Duration: 0.5ms | GC: 0.0ms)
  Rendered layout layouts/application.html.erb (Duration: 0.8ms | GC: 0.0ms)
Completed 200 OK in 72ms (Views: 1.0ms | ActiveRecord: 0.0ms (0 queries, 0 cached) | GC: 4.1ms)


Started GET "/" for ::1 at 2025-11-13 18:16:29 +0530
Processing by PredictionsController#new as HTML
  Rendering layout layouts/application.html.erb
  Rendering predictions/new.html.erb within layouts/application
  Rendered predictions/new.html.erb within layouts/application (Duration: 0.7ms | GC: 0.0ms)
  Rendered layout layouts/application.html.erb (Duration: 0.9ms | GC: 0.0ms)
Completed 200 OK in 18ms (Views: 1.0ms | ActiveRecord: 0.0ms (0 queries, 0 cached) | GC: 0.0ms)


Started GET "/predict" for ::1 at 2025-11-13 18:16:30 +0530
  
ActionController::RoutingError (No route matches [GET] "/predict"):
  
Started GET "/predict" for ::1 at 2025-11-13 18:16:31 +0530
  
ActionController::RoutingError (No route matches [GET] "/predict"):
  
Started GET "/predict" for ::1 at 2025-11-13 18:16:31 +0530
  
ActionController::RoutingError (No route matches [GET] "/predict"):
  
Started GET "/predict" for ::1 at 2025-11-13 18:16:31 +0530
  
ActionController::RoutingError (No route matches [GET] "/predict"):
  
Started GET "/predict" for ::1 at 2025-11-13 18:16:31 +0530
  
ActionController::RoutingError (No route matches [GET] "/predict"):
  
Started GET "/predict" for ::1 at 2025-11-13 18:16:31 +0530
  
ActionController::RoutingError (No route matches [GET] "/predict"):
  
Started POST "/predict" for ::1 at 2025-11-13 18:18:03 +0530
Processing by PredictionsController#predict as TURBO_STREAM
  Parameters: {"authenticity_token"=>"[FILTERED]", "year"=>"2000", "engine_size"=>"1.5", "mileage"=>"100", "fuel_type"=>"Electric", "transmission"=>"Automatic", "condition"=>"Like New"}
  Rendering layout layouts/application.html.erb
  Rendering predictions/new.html.erb within layouts/application
  Rendered predictions/new.html.erb within layouts/application (Duration: 0.6ms | GC: 0.0ms)
  Rendered layout layouts/application.html.erb (Duration: 1.3ms | GC: 0.0ms)
Completed 200 OK in 76ms (Views: 2.9ms | ActiveRecord: 0.0ms (0 queries, 0 cached) | GC: 7.1ms)


Started POST "/predict" for ::1 at 2025-11-13 18:18:04 +0530
Processing by PredictionsController#predict as TURBO_STREAM
  Parameters: {"authenticity_token"=>"[FILTERED]", "year"=>"2000", "engine_size"=>"1.5", "mileage"=>"100", "fuel_type"=>"Electric", "transmission"=>"Automatic", "condition"=>"Like New"}
  Rendering layout layouts/application.html.erb
  Rendering predictions/new.html.erb within layouts/application
  Rendered predictions/new.html.erb within layouts/application (Duration: 0.4ms | GC: 0.0ms)
  Rendered layout layouts/application.html.erb (Duration: 0.7ms | GC: 0.0ms)
Completed 200 OK in 80ms (Views: 0.8ms | ActiveRecord: 0.0ms (0 queries, 0 cached) | GC: 5.1ms)


Started POST "/predict" for ::1 at 2025-11-13 18:18:04 +0530
Processing by PredictionsController#predict as TURBO_STREAM
  Parameters: {"authenticity_token"=>"[FILTERED]", "year"=>"2000", "engine_size"=>"1.5", "mileage"=>"100", "fuel_type"=>"Electric", "transmission"=>"Automatic", "condition"=>"Like New"}
  Rendering layout layouts/application.html.erb
  Rendering predictions/new.html.erb within layouts/application
  Rendered predictions/new.html.erb within layouts/application (Duration: 0.4ms | GC: 0.0ms)
  Rendered layout layouts/application.html.erb (Duration: 0.7ms | GC: 0.0ms)
Completed 200 OK in 76ms (Views: 0.8ms | ActiveRecord: 0.0ms (0 queries, 0 cached) | GC: 4.5ms)


Started POST "/predict" for ::1 at 2025-11-13 18:18:04 +0530
Processing by PredictionsController#predict as TURBO_STREAM
  Parameters: {"authenticity_token"=>"[FILTERED]", "year"=>"2000", "engine_size"=>"1.5", "mileage"=>"100", "fuel_type"=>"Electric", "transmission"=>"Automatic", "condition"=>"Like New"}
  Rendering layout layouts/application.html.erb
  Rendering predictions/new.html.erb within layouts/application
  Rendered predictions/new.html.erb within layouts/application (Duration: 0.4ms | GC: 0.0ms)
  Rendered layout layouts/application.html.erb (Duration: 0.6ms | GC: 0.0ms)
Completed 200 OK in 76ms (Views: 0.8ms | ActiveRecord: 0.0ms (0 queries, 0 cached) | GC: 4.3ms)


Started POST "/predict" for ::1 at 2025-11-13 18:18:05 +0530
Processing by PredictionsController#predict as TURBO_STREAM
  Parameters: {"authenticity_token"=>"[FILTERED]", "year"=>"2000", "engine_size"=>"1.5", "mileage"=>"100", "fuel_type"=>"Electric", "transmission"=>"Automatic", "condition"=>"Like New"}
  Rendering layout layouts/application.html.erb
  Rendering predictions/new.html.erb within layouts/application
  Rendered predictions/new.html.erb within layouts/application (Duration: 0.4ms | GC: 0.0ms)
  Rendered layout layouts/application.html.erb (Duration: 0.7ms | GC: 0.0ms)
Completed 200 OK in 83ms (Views: 0.8ms | ActiveRecord: 0.0ms (0 queries, 0 cached) | GC: 4.6ms)


Started POST "/predict" for ::1 at 2025-11-13 18:18:05 +0530
Processing by PredictionsController#predict as TURBO_STREAM
  Parameters: {"authenticity_token"=>"[FILTERED]", "year"=>"2000", "engine_size"=>"1.5", "mileage"=>"100", "fuel_type"=>"Electric", "transmission"=>"Automatic", "condition"=>"Like New"}
  Rendering layout layouts/application.html.erb
  Rendering predictions/new.html.erb within layouts/application
  Rendered predictions/new.html.erb within layouts/application (Duration: 0.6ms | GC: 0.2ms)
  Rendered layout layouts/application.html.erb (Duration: 0.8ms | GC: 0.2ms)
Completed 200 OK in 78ms (Views: 1.0ms | ActiveRecord: 0.0ms (0 queries, 0 cached) | GC: 4.4ms)


Started POST "/predict" for ::1 at 2025-11-13 18:18:05 +0530
Processing by PredictionsController#predict as TURBO_STREAM
  Parameters: {"authenticity_token"=>"[FILTERED]", "year"=>"2000", "engine_size"=>"1.5", "mileage"=>"100", "fuel_type"=>"Electric", "transmission"=>"Automatic", "condition"=>"Like New"}
  Rendering layout layouts/application.html.erb
  Rendering predictions/new.html.erb within layouts/application
  Rendered predictions/new.html.erb within layouts/application (Duration: 0.4ms | GC: 0.0ms)
  Rendered layout layouts/application.html.erb (Duration: 0.6ms | GC: 0.0ms)
Completed 200 OK in 67ms (Views: 0.7ms | ActiveRecord: 0.0ms (0 queries, 0 cached) | GC: 3.8ms)


Started POST "/predict" for ::1 at 2025-11-13 18:18:05 +0530
Processing by PredictionsController#predict as TURBO_STREAM
  Parameters: {"authenticity_token"=>"[FILTERED]", "year"=>"2000", "engine_size"=>"1.5", "mileage"=>"100", "fuel_type"=>"Electric", "transmission"=>"Automatic", "condition"=>"Like New"}
  Rendering layout layouts/application.html.erb
  Rendering predictions/new.html.erb within layouts/application
  Rendered predictions/new.html.erb within layouts/application (Duration: 2.3ms | GC: 1.8ms)
  Rendered layout layouts/application.html.erb (Duration: 2.5ms | GC: 1.8ms)
Completed 200 OK in 76ms (Views: 2.7ms | ActiveRecord: 0.0ms (0 queries, 0 cached) | GC: 6.0ms)


Started POST "/predict" for ::1 at 2025-11-13 18:18:05 +0530
Processing by PredictionsController#predict as TURBO_STREAM
  Parameters: {"authenticity_token"=>"[FILTERED]", "year"=>"2000", "engine_size"=>"1.5", "mileage"=>"100", "fuel_type"=>"Electric", "transmission"=>"Automatic", "condition"=>"Like New"}
  Rendering layout layouts/application.html.erb
  Rendering predictions/new.html.erb within layouts/application
  Rendered predictions/new.html.erb within layouts/application (Duration: 0.5ms | GC: 0.1ms)
  Rendered layout layouts/application.html.erb (Duration: 0.8ms | GC: 0.1ms)
Completed 200 OK in 87ms (Views: 0.9ms | ActiveRecord: 0.0ms (0 queries, 0 cached) | GC: 22.0ms)


Started POST "/predict" for ::1 at 2025-11-13 18:18:06 +0530
Processing by PredictionsController#predict as TURBO_STREAM
  Parameters: {"authenticity_token"=>"[FILTERED]", "year"=>"2000", "engine_size"=>"1.5", "mileage"=>"100", "fuel_type"=>"Electric", "transmission"=>"Automatic", "condition"=>"Like New"}
  Rendering layout layouts/application.html.erb
  Rendering predictions/new.html.erb within layouts/application
  Rendered predictions/new.html.erb within layouts/application (Duration: 0.5ms | GC: 0.1ms)
  Rendered layout layouts/application.html.erb (Duration: 0.7ms | GC: 0.1ms)
Completed 200 OK in 71ms (Views: 0.9ms | ActiveRecord: 0.0ms (0 queries, 0 cached) | GC: 7.1ms)


